#
# A fatal error has been detected by the Java Runtime Environment:
#
#  EXCEPTION_ACCESS_VIOLATION (0xc0000005) at pc=0x00007ff9b2e4dbb7, pid=29020, tid=26608
#
# JRE version: OpenJDK Runtime Environment Temurin-22.0.2+9 (22.0.2+9) (build 22.0.2+9)
# Java VM: OpenJDK 64-Bit Server VM Temurin-22.0.2+9 (22.0.2+9, mixed mode, tiered, compressed oops, compressed class ptrs, g1 gc, windows-amd64)
# Problematic frame:
# C  [lwjgl_opengl.dll+0xdbb7]
#
# No core dump will be written. Minidumps are not enabled by default on client versions of Windows
#
# If you would like to submit a bug report, please visit:
#   https://github.com/adoptium/adoptium-support/issues
# The crash happened outside the Java Virtual Machine in native code.
# See problematic frame for where to report the bug.
#

---------------  S U M M A R Y ------------

Command Line: -Dorg.lwjgl.librarypath=C:\Users\\hunte\eclipse-workspace\Ptolemy\natives -Dorg.lwjgl.util.Debug=true -Dorg.lwjgl.util.DebugLoader=true -Djava.library.path=C:\Users\hunte\OneDrive\Documents\GitHub\Ptolemy\front end\Ptolemy\natives;C:\Users\hunte\OneDrive\Documents\GitHub\Ptolemy\front end\Ptolemy\natives;C:\Users\hunte\OneDrive\Documents\GitHub\Ptolemy\front end\Ptolemy\natives;C:\Users\hunte\OneDrive\Documents\GitHub\Ptolemy\front end\Ptolemy\natives;C:\Users\hunte\OneDrive\Documents\GitHub\Ptolemy\front end\Ptolemy\natives;C:\Users\hunte\OneDrive\Documents\GitHub\Ptolemy\front end\Ptolemy\natives;C:\Users\hunte\OneDrive\Documents\GitHub\Ptolemy\front end\Ptolemy\natives;C:\Users\hunte\OneDrive\Documents\GitHub\Ptolemy\front end\Ptolemy\natives;C:\Users\hunte\OneDrive\Documents\GitHub\Ptolemy\front end\Ptolemy\natives -Dfile.encoding=UTF-8 -Dstdout.encoding=UTF-8 -Dstderr.encoding=UTF-8 -XX:+ShowCodeDetailsInExceptionMessages Main

Host: 11th Gen Intel(R) Core(TM) i7-11700F @ 2.50GHz, 16 cores, 15G,  Windows 10 , 64 bit Build 19041 (10.0.19041.4842)
Time: Sat Sep 28 17:53:21 2024 Eastern Daylight Time elapsed time: 0.391894 seconds (0d 0h 0m 0s)

---------------  T H R E A D  ---------------

Current thread (0x000002ad1c2337d0):  JavaThread "main"             [_thread_in_native, id=26608, stack(0x000000e8ee900000,0x000000e8eea00000) (1024K)]

Stack: [0x000000e8ee900000,0x000000e8eea00000],  sp=0x000000e8ee9ff358,  free space=1020k
Native frames: (J=compiled Java code, j=interpreted, Vv=VM code, C=native code)
C  [lwjgl_opengl.dll+0xdbb7]  (no source info available)

Java frames: (J=compiled Java code, j=interpreted, Vv=VM code)
j  org.lwjgl.opengl.GL11C.glViewport(IIII)V+0
j  org.lwjgl.opengl.GL11.glViewport(IIII)V+4
j  display.DisplayManager.createDisplay(IILjava/lang/String;)V+32
j  Main.main([Ljava/lang/String;)V+21
v  ~StubRoutines::call_stub 0x000002ad293e100d

siginfo: EXCEPTION_ACCESS_VIOLATION (0xc0000005), reading address 0x0000000000000a78


Registers:
RAX=0x0000000000000000, RBX=0x000002ad3a876730, RCX=0x0000000000000000, RDX=0x0000000000000000
RSP=0x000000e8ee9ff358, RBP=0x000000e8ee9ff3f0, RSI=0x0000000000000000, RDI=0x000002ad293e899c
R8 =0x0000000000000280, R9 =0x00000000000001e0, R10=0x000002ad293ed058, R11=0x0000000711ed2760
R12=0x0000000000000000, R13=0x000002ad3a876728, R14=0x000000e8ee9ff428, R15=0x000002ad1c2337d0
RIP=0x00007ff9b2e4dbb7, EFLAGS=0x0000000000010206


Register to memory mapping:

RAX=0x0 is null
RBX={method} {0x000002ad3a876738} 'glViewport' '(IIII)V' in 'org/lwjgl/opengl/GL11C'
RCX=0x0 is null
RDX=0x0 is null
RSP=0x000000e8ee9ff358 is pointing into the stack for thread: 0x000002ad1c2337d0
RBP=0x000000e8ee9ff3f0 is pointing into the stack for thread: 0x000002ad1c2337d0
RSI=0x0 is null
RDI=0x000002ad293e899c is at code_begin+1500 in an Interpreter codelet
return entry points  [0x000002ad293e83c0, 0x000002ad293e9008]  3144 bytes
R8 =0x0000000000000280 is an unknown value
R9 =0x00000000000001e0 is an unknown value
R10=0x000002ad293ed058 is at code_begin+1016 in an Interpreter codelet
native method entry point (kind = native)  [0x000002ad293ecc60, 0x000002ad293ed880]  3104 bytes
R11=0x0000000711ed2760 is an oop: java.lang.Class 
{0x0000000711ed2760} - klass: 'java/lang/Class'
 - ---- fields (total size 116 words):
 - private volatile transient 'classRedefinedCount' 'I' @12  0 (0x00000000)
 - injected 'klass' 'J' @16  520941752 (0x000000001f0cf0b8)
 - injected 'array_klass' 'J' @24  0 (0x0000000000000000)
 - injected 'oop_size' 'I' @32  116 (0x00000074)
 - injected 'static_oop_field_count' 'I' @36  0 (0x00000000)
 - private volatile transient 'cachedConstructor' 'Ljava/lang/reflect/Constructor;' @40  null (0x00000000)
 - private transient 'name' 'Ljava/lang/String;' @44  "org.lwjgl.opengl.GL11C"{0x0000000711ed2b00} (0xe23da560)
 - private transient 'module' 'Ljava/lang/Module;' @48  a 'java/lang/Module'{0x0000000712461210} (0xe248c242)
 - private final 'classLoader' 'Ljava/lang/ClassLoader;' @52  a 'jdk/internal/loader/ClassLoaders$AppClassLoader'{0x0000000712461050} (0xe248c20a)
 - private transient 'classData' 'Ljava/lang/Object;' @56  null (0x00000000)
 - private transient 'packageName' 'Ljava/lang/String;' @60  "org.lwjgl.opengl"{0x0000000711e305c8} (0xe23c60b9)
 - private final 'componentType' 'Ljava/lang/Class;' @64  null (0x00000000)
 - private volatile transient 'reflectionData' 'Ljava/lang/ref/SoftReference;' @68  null (0x00000000)
 - private volatile transient 'genericInfo' 'Lsun/reflect/generics/repository/ClassRepository;' @72  null (0x00000000)
 - private volatile transient 'enumConstants' '[Ljava/lang/Object;' @76  null (0x00000000)
 - private volatile transient 'enumConstantDirectory' 'Ljava/util/Map;' @80  null (0x00000000)
 - private volatile transient 'annotationData' 'Ljava/lang/Class$AnnotationData;' @84  null (0x00000000)
 - private volatile transient 'annotationType' 'Lsun/reflect/annotation/AnnotationType;' @88  null (0x00000000)
 - transient 'classValueMap' 'Ljava/lang/ClassValue$ClassValueMap;' @92  null (0x00000000)
 - injected 'protection_domain' 'Ljava/lang/Object;' @96  a 'java/security/ProtectionDomain'{0x0000000711e6ffe0} (0xe23cdffc)
 - injected 'signers_name' 'Ljava/lang/Object;' @100  null (0x00000000)
 - injected 'source_file' 'Ljava/lang/Object;' @104  null (0x00000000)
 - signature: Lorg/lwjgl/opengl/GL11C;
 - ---- static fields (0):
 - public static final 'GL_NEVER' 'I' @112  512 (0x00000200)
 - public static final 'GL_LESS' 'I' @116  513 (0x00000201)
 - public static final 'GL_EQUAL' 'I' @120  514 (0x00000202)
 - public static final 'GL_LEQUAL' 'I' @124  515 (0x00000203)
 - public static final 'GL_GREATER' 'I' @128  516 (0x00000204)
 - public static final 'GL_NOTEQUAL' 'I' @132  517 (0x00000205)
 - public static final 'GL_GEQUAL' 'I' @136  518 (0x00000206)
 - public static final 'GL_ALWAYS' 'I' @140  519 (0x00000207)
 - public static final 'GL_DEPTH_BUFFER_BIT' 'I' @144  256 (0x00000100)
 - public static final 'GL_STENCIL_BUFFER_BIT' 'I' @148  1024 (0x00000400)
 - public static final 'GL_COLOR_BUFFER_BIT' 'I' @152  16384 (0x00004000)
 - public static final 'GL_POINTS' 'I' @156  0 (0x00000000)
 - public static final 'GL_LINES' 'I' @160  1 (0x00000001)
 - public static final 'GL_LINE_LOOP' 'I' @164  2 (0x00000002)
 - public static final 'GL_LINE_STRIP' 'I' @168  3 (0x00000003)
 - public static final 'GL_TRIANGLES' 'I' @172  4 (0x00000004)
 - public static final 'GL_TRIANGLE_STRIP' 'I' @176  5 (0x00000005)
 - public static final 'GL_TRIANGLE_FAN' 'I' @180  6 (0x00000006)
 - public static final 'GL_QUADS' 'I' @184  7 (0x00000007)
 - public static final 'GL_ZERO' 'I' @188  0 (0x00000000)
 - public static final 'GL_ONE' 'I' @192  1 (0x00000001)
 - public static final 'GL_SRC_COLOR' 'I' @196  768 (0x00000300)
 - public static final 'GL_ONE_MINUS_SRC_COLOR' 'I' @200  769 (0x00000301)
 - public static final 'GL_SRC_ALPHA' 'I' @204  770 (0x00000302)
 - public static final 'GL_ONE_MINUS_SRC_ALPHA' 'I' @208  771 (0x00000303)
 - public static final 'GL_DST_ALPHA' 'I' @212  772 (0x00000304)
 - public static final 'GL_ONE_MINUS_DST_ALPHA' 'I' @216  773 (0x00000305)
 - public static final 'GL_DST_COLOR' 'I' @220  774 (0x00000306)
 - public static final 'GL_ONE_MINUS_DST_COLOR' 'I' @224  775 (0x00000307)
 - public static final 'GL_SRC_ALPHA_SATURATE' 'I' @228  776 (0x00000308)
 - public static final 'GL_TRUE' 'I' @232  1 (0x00000001)
 - public static final 'GL_FALSE' 'I' @236  0 (0x00000000)
 - public static final 'GL_BYTE' 'I' @240  5120 (0x00001400)
 - public static final 'GL_UNSIGNED_BYTE' 'I' @244  5121 (0x00001401)
 - public static final 'GL_SHORT' 'I' @248  5122 (0x00001402)
 - public static final 'GL_UNSIGNED_SHORT' 'I' @252  5123 (0x00001403)
 - public static final 'GL_INT' 'I' @256  5124 (0x00001404)
 - public static final 'GL_UNSIGNED_INT' 'I' @260  5125 (0x00001405)
 - public static final 'GL_FLOAT' 'I' @264  5126 (0x00001406)
 - public static final 'GL_DOUBLE' 'I' @268  5130 (0x0000140a)
 - public static final 'GL_NONE' 'I' @272  0 (0x00000000)
 - public static final 'GL_FRONT_LEFT' 'I' @276  1024 (0x00000400)
 - public static final 'GL_FRONT_RIGHT' 'I' @280  1025 (0x00000401)
 - public static final 'GL_BACK_LEFT' 'I' @284  1026 (0x00000402)
 - public static final 'GL_BACK_RIGHT' 'I' @288  1027 (0x00000403)
 - public static final 'GL_FRONT' 'I' @292  1028 (0x00000404)
 - public static final 'GL_BACK' 'I' @296  1029 (0x00000405)
 - public static final 'GL_LEFT' 'I' @300  1030 (0x00000406)
 - public static final 'GL_RIGHT' 'I' @304  1031 (0x00000407)
 - public static final 'GL_FRONT_AND_BACK' 'I' @308  1032 (0x00000408)
 - public static final 'GL_NO_ERROR' 'I' @312  0 (0x00000000)
 - public static final 'GL_INVALID_ENUM' 'I' @316  1280 (0x00000500)
 - public static final 'GL_INVALID_VALUE' 'I' @320  1281 (0x00000501)
 - public static final 'GL_INVALID_OPERATION' 'I' @324  1282 (0x00000502)
 - public static final 'GL_STACK_OVERFLOW' 'I' @328  1283 (0x00000503)
 - public static final 'GL_STACK_UNDERFLOW' 'I' @332  1284 (0x00000504)
 - public static final 'GL_OUT_OF_MEMORY' 'I' @336  1285 (0x00000505)
 - public static final 'GL_CW' 'I' @340  2304 (0x00000900)
 - public static final 'GL_CCW' 'I' @344  2305 (0x00000901)
 - public static final 'GL_POINT_SIZE' 'I' @348  2833 (0x00000b11)
 - public static final 'GL_POINT_SIZE_RANGE' 'I' @352  2834 (0x00000b12)
 - public static final 'GL_POINT_SIZE_GRANULARITY' 'I' @356  2835 (0x00000b13)
 - public static final 'GL_LINE_SMOOTH' 'I' @360  2848 (0x00000b20)
 - public static final 'GL_LINE_WIDTH' 'I' @364  2849 (0x00000b21)
 - public static final 'GL_LINE_WIDTH_RANGE' 'I' @368  2850 (0x00000b22)
 - public static final 'GL_LINE_WIDTH_GRANULARITY' 'I' @372  2851 (0x00000b23)
 - public static final 'GL_POLYGON_MODE' 'I' @376  2880 (0x00000b40)
 - public static final 'GL_POLYGON_SMOOTH' 'I' @380  2881 (0x00000b41)
 - public static final 'GL_CULL_FACE' 'I' @384  2884 (0x00000b44)
 - public static final 'GL_CULL_FACE_MODE' 'I' @388  2885 (0x00000b45)
 - public static final 'GL_FRONT_FACE' 'I' @392  2886 (0x00000b46)
 - public static final 'GL_DEPTH_RANGE' 'I' @396  2928 (0x00000b70)
 - public static final 'GL_DEPTH_TEST' 'I' @400  2929 (0x00000b71)
 - public static final 'GL_DEPTH_WRITEMASK' 'I' @404  2930 (0x00000b72)
 - public static final 'GL_DEPTH_CLEAR_VALUE' 'I' @408  2931 (0x00000b73)
 - public static final 'GL_DEPTH_FUNC' 'I' @412  2932 (0x00000b74)
 - public static final 'GL_STENCIL_TEST' 'I' @416  2960 (0x00000b90)
 - public static final 'GL_STENCIL_CLEAR_VALUE' 'I' @420  2961 (0x00000b91)
 - public static final 'GL_STENCIL_FUNC' 'I' @424  2962 (0x00000b92)
 - public static final 'GL_STENCIL_VALUE_MASK' 'I' @428  2963 (0x00000b93)
 - public static final 'GL_STENCIL_FAIL' 'I' @432  2964 (0x00000b94)
 - public static final 'GL_STENCIL_PASS_DEPTH_FAIL' 'I' @436  2965 (0x00000b95)
 - public static final 'GL_STENCIL_PASS_DEPTH_PASS' 'I' @440  2966 (0x00000b96)
 - public static final 'GL_STENCIL_REF' 'I' @444  2967 (0x00000b97)
 - public static final 'GL_STENCIL_WRITEMASK' 'I' @448  2968 (0x00000b98)
 - public static final 'GL_VIEWPORT' 'I' @452  2978 (0x00000ba2)
 - public static final 'GL_DITHER' 'I' @456  3024 (0x00000bd0)
 - public static final 'GL_BLEND_DST' 'I' @460  3040 (0x00000be0)
 - public static final 'GL_BLEND_SRC' 'I' @464  3041 (0x00000be1)
 - public static final 'GL_BLEND' 'I' @468  3042 (0x00000be2)
 - public static final 'GL_LOGIC_OP_MODE' 'I' @472  3056 (0x00000bf0)
 - public static final 'GL_COLOR_LOGIC_OP' 'I' @476  3058 (0x00000bf2)
 - public static final 'GL_DRAW_BUFFER' 'I' @480  3073 (0x00000c01)
 - public static final 'GL_READ_BUFFER' 'I' @484  3074 (0x00000c02)
 - public static final 'GL_SCISSOR_BOX' 'I' @488  3088 (0x00000c10)
 - public static final 'GL_SCISSOR_TEST' 'I' @492  3089 (0x00000c11)
 - public static final 'GL_COLOR_CLEAR_VALUE' 'I' @496  3106 (0x00000c22)
 - public static final 'GL_COLOR_WRITEMASK' 'I' @500  3107 (0x00000c23)
 - public static final 'GL_DOUBLEBUFFER' 'I' @504  3122 (0x00000c32)
 - public static final 'GL_STEREO' 'I' @508  3123 (0x00000c33)
 - public static final 'GL_LINE_SMOOTH_HINT' 'I' @512  3154 (0x00000c52)
 - public static final 'GL_POLYGON_SMOOTH_HINT' 'I' @516  3155 (0x00000c53)
 - public static final 'GL_UNPACK_SWAP_BYTES' 'I' @520  3312 (0x00000cf0)
 - public static final 'GL_UNPACK_LSB_FIRST' 'I' @524  3313 (0x00000cf1)
 - public static final 'GL_UNPACK_ROW_LENGTH' 'I' @528  3314 (0x00000cf2)
 - public static final 'GL_UNPACK_SKIP_ROWS' 'I' @532  3315 (0x00000cf3)
 - public static final 'GL_UNPACK_SKIP_PIXELS' 'I' @536  3316 (0x00000cf4)
 - public static final 'GL_UNPACK_ALIGNMENT' 'I' @540  3317 (0x00000cf5)
 - public static final 'GL_PACK_SWAP_BYTES' 'I' @544  3328 (0x00000d00)
 - public static final 'GL_PACK_LSB_FIRST' 'I' @548  3329 (0x00000d01)
 - public static final 'GL_PACK_ROW_LENGTH' 'I' @552  3330 (0x00000d02)
 - public static final 'GL_PACK_SKIP_ROWS' 'I' @556  3331 (0x00000d03)
 - public static final 'GL_PACK_SKIP_PIXELS' 'I' @560  3332 (0x00000d04)
 - public static final 'GL_PACK_ALIGNMENT' 'I' @564  3333 (0x00000d05)
 - public static final 'GL_MAX_TEXTURE_SIZE' 'I' @568  3379 (0x00000d33)
 - public static final 'GL_MAX_VIEWPORT_DIMS' 'I' @572  3386 (0x00000d3a)
 - public static final 'GL_SUBPIXEL_BITS' 'I' @576  3408 (0x00000d50)
 - public static final 'GL_TEXTURE_1D' 'I' @580  3552 (0x00000de0)
 - public static final 'GL_TEXTURE_2D' 'I' @584  3553 (0x00000de1)
 - public static final 'GL_TEXTURE_WIDTH' 'I' @588  4096 (0x00001000)
 - public static final 'GL_TEXTURE_HEIGHT' 'I' @592  4097 (0x00001001)
 - public static final 'GL_TEXTURE_INTERNAL_FORMAT' 'I' @596  4099 (0x00001003)
 - public static final 'GL_TEXTURE_BORDER_COLOR' 'I' @600  4100 (0x00001004)
 - public static final 'GL_DONT_CARE' 'I' @604  4352 (0x00001100)
 - public static final 'GL_FASTEST' 'I' @608  4353 (0x00001101)
 - public static final 'GL_NICEST' 'I' @612  4354 (0x00001102)
 - public static final 'GL_CLEAR' 'I' @616  5376 (0x00001500)
 - public static final 'GL_AND' 'I' @620  5377 (0x00001501)
 - public static final 'GL_AND_REVERSE' 'I' @624  5378 (0x00001502)
 - public static final 'GL_COPY' 'I' @628  5379 (0x00001503)
 - public static final 'GL_AND_INVERTED' 'I' @632  5380 (0x00001504)
 - public static final 'GL_NOOP' 'I' @636  5381 (0x00001505)
 - public static final 'GL_XOR' 'I' @640  5382 (0x00001506)
 - public static final 'GL_OR' 'I' @644  5383 (0x00001507)
 - public static final 'GL_NOR' 'I' @648  5384 (0x00001508)
 - public static final 'GL_EQUIV' 'I' @652  5385 (0x00001509)
 - public static final 'GL_INVERT' 'I' @656  5386 (0x0000150a)
 - public static final 'GL_OR_REVERSE' 'I' @660  5387 (0x0000150b)
 - public static final 'GL_COPY_INVERTED' 'I' @664  5388 (0x0000150c)
 - public static final 'GL_OR_INVERTED' 'I' @668  5389 (0x0000150d)
 - public static final 'GL_NAND' 'I' @672  5390 (0x0000150e)
 - public static final 'GL_SET' 'I' @676  5391 (0x0000150f)
 - public static final 'GL_TEXTURE' 'I' @680  5890 (0x00001702)
 - public static final 'GL_COLOR' 'I' @684  6144 (0x00001800)
 - public static final 'GL_DEPTH' 'I' @688  6145 (0x00001801)
 - public static final 'GL_STENCIL' 'I' @692  6146 (0x00001802)
 - public static final 'GL_STENCIL_INDEX' 'I' @696  6401 (0x00001901)
 - public static final 'GL_DEPTH_COMPONENT' 'I' @700  6402 (0x00001902)
 - public static final 'GL_RED' 'I' @704  6403 (0x00001903)
 - public static final 'GL_GREEN' 'I' @708  6404 (0x00001904)
 - public static final 'GL_BLUE' 'I' @712  6405 (0x00001905)
 - public static final 'GL_ALPHA' 'I' @716  6406 (0x00001906)
 - public static final 'GL_RGB' 'I' @720  6407 (0x00001907)
 - public static final 'GL_RGBA' 'I' @724  6408 (0x00001908)
 - public static final 'GL_POINT' 'I' @728  6912 (0x00001b00)
 - public static final 'GL_LINE' 'I' @732  6913 (0x00001b01)
 - public static final 'GL_FILL' 'I' @736  6914 (0x00001b02)
 - public static final 'GL_KEEP' 'I' @740  7680 (0x00001e00)
 - public static final 'GL_REPLACE' 'I' @744  7681 (0x00001e01)
 - public static final 'GL_INCR' 'I' @748  7682 (0x00001e02)
 - public static final 'GL_DECR' 'I' @752  7683 (0x00001e03)
 - public static final 'GL_VENDOR' 'I' @756  7936 (0x00001f00)
 - public static final 'GL_RENDERER' 'I' @760  7937 (0x00001f01)
 - public static final 'GL_VERSION' 'I' @764  7938 (0x00001f02)
 - public static final 'GL_EXTENSIONS' 'I' @768  7939 (0x00001f03)
 - public static final 'GL_NEAREST' 'I' @772  9728 (0x00002600)
 - public static final 'GL_LINEAR' 'I' @776  9729 (0x00002601)
 - public static final 'GL_NEAREST_MIPMAP_NEAREST' 'I' @780  9984 (0x00002700)
 - public static final 'GL_LINEAR_MIPMAP_NEAREST' 'I' @784  9985 (0x00002701)
 - public static final 'GL_NEAREST_MIPMAP_LINEAR' 'I' @788  9986 (0x00002702)
 - public static final 'GL_LINEAR_MIPMAP_LINEAR' 'I' @792  9987 (0x00002703)
 - public static final 'GL_TEXTURE_MAG_FILTER' 'I' @796  10240 (0x00002800)
 - public static final 'GL_TEXTURE_MIN_FILTER' 'I' @800  10241 (0x00002801)
 - public static final 'GL_TEXTURE_WRAP_S' 'I' @804  10242 (0x00002802)
 - public static final 'GL_TEXTURE_WRAP_T' 'I' @808  10243 (0x00002803)
 - public static final 'GL_REPEAT' 'I' @812  10497 (0x00002901)
 - public static final 'GL_POLYGON_OFFSET_FACTOR' 'I' @816  32824 (0x00008038)
 - public static final 'GL_POLYGON_OFFSET_UNITS' 'I' @820  10752 (0x00002a00)
 - public static final 'GL_POLYGON_OFFSET_POINT' 'I' @824  10753 (0x00002a01)
 - public static final 'GL_POLYGON_OFFSET_LINE' 'I' @828  10754 (0x00002a02)
 - public static final 'GL_POLYGON_OFFSET_FILL' 'I' @832  32823 (0x00008037)
 - public static final 'GL_R3_G3_B2' 'I' @836  10768 (0x00002a10)
 - public static final 'GL_RGB4' 'I' @840  32847 (0x0000804f)
 - public static final 'GL_RGB5' 'I' @844  32848 (0x00008050)
 - public static final 'GL_RGB8' 'I' @848  32849 (0x00008051)
 - public static final 'GL_RGB10' 'I' @852  32850 (0x00008052)
 - public static final 'GL_RGB12' 'I' @856  32851 (0x00008053)
 - public static final 'GL_RGB16' 'I' @860  32852 (0x00008054)
 - public static final 'GL_RGBA2' 'I' @864  32853 (0x00008055)
 - public static final 'GL_RGBA4' 'I' @868  32854 (0x00008056)
 - public static final 'GL_RGB5_A1' 'I' @872  32855 (0x00008057)
 - public static final 'GL_RGBA8' 'I' @876  32856 (0x00008058)
 - public static final 'GL_RGB10_A2' 'I' @880  32857 (0x00008059)
 - public static final 'GL_RGBA12' 'I' @884  32858 (0x0000805a)
 - public static final 'GL_RGBA16' 'I' @888  32859 (0x0000805b)
 - public static final 'GL_TEXTURE_RED_SIZE' 'I' @892  32860 (0x0000805c)
 - public static final 'GL_TEXTURE_GREEN_SIZE' 'I' @896  32861 (0x0000805d)
 - public static final 'GL_TEXTURE_BLUE_SIZE' 'I' @900  32862 (0x0000805e)
 - public static final 'GL_TEXTURE_ALPHA_SIZE' 'I' @904  32863 (0x0000805f)
 - public static final 'GL_PROXY_TEXTURE_1D' 'I' @908  32867 (0x00008063)
 - public static final 'GL_PROXY_TEXTURE_2D' 'I' @912  32868 (0x00008064)
 - public static final 'GL_TEXTURE_BINDING_1D' 'I' @916  32872 (0x00008068)
 - public static final 'GL_TEXTURE_BINDING_2D' 'I' @920  32873 (0x00008069)
 - public static final 'GL_VERTEX_ARRAY' 'I' @924  32884 (0x00008074)
R12=0x0 is null
R13=0x000002ad3a876728 is pointing into metadata
R14=0x000000e8ee9ff428 is pointing into the stack for thread: 0x000002ad1c2337d0
R15=0x000002ad1c2337d0 is a thread

Top of Stack: (sp=0x000000e8ee9ff358)
0x000000e8ee9ff358:   000002ad293ed087 000002ad3a876730
0x000000e8ee9ff368:   000000e8ee9ff428 000002ad293e899c
0x000000e8ee9ff378:   000002ad293ecd73 000002ad00000280
0x000000e8ee9ff388:   00000000000001e0 3ff0000000000000
0x000000e8ee9ff398:   000002ad1c2337d0 000002ad293ecd1b
0x000000e8ee9ff3a8:   fffffffffffffff7 000002ad3a876728
0x000000e8ee9ff3b8:   0000000000000007 000002ad3a86ff90
0x000000e8ee9ff3c8:   0000000000000000 0000000711ed2760
0x000000e8ee9ff3d8:   000002ad3a876730 0000000000000000
0x000000e8ee9ff3e8:   000000e8ee9ff410 000000e8ee9ff478
0x000000e8ee9ff3f8:   000002ad293e88a6 0000000711ed2760
0x000000e8ee9ff408:   000002ad293ea4d7 00000000000001e0
0x000000e8ee9ff418:   0000000000000280 0000000000000000
0x000000e8ee9ff428:   0000000000000000 fffffffffffffff7
0x000000e8ee9ff438:   000002ad3a84fd4c 0000000000000005
0x000000e8ee9ff448:   000002ad3a75ffa8 0000000000000000
0x000000e8ee9ff458:   0000000711e701e0 000002ad3a84fd98
0x000000e8ee9ff468:   fffffffffffffff3 000000e8ee9ff488
0x000000e8ee9ff478:   000000e8ee9ff4f0 000002ad293e88a6
0x000000e8ee9ff488:   00000000000001e0 0000000000000280
0x000000e8ee9ff498:   0000000000000000 0000000000000000
0x000000e8ee9ff4a8:   fffffffffffffff7 000002ad3a401090
0x000000e8ee9ff4b8:   0000000000000006 000002ad3a401678
0x000000e8ee9ff4c8:   0000000000000000 0000000712219788
0x000000e8ee9ff4d8:   000002ad3a401130 fffffffffffffff3
0x000000e8ee9ff4e8:   000000e8ee9ff508 000000e8ee9ff570
0x000000e8ee9ff4f8:   000002ad293e88a6 0000000000000000
0x000000e8ee9ff508:   0000000712219b10 00000000000001e0
0x000000e8ee9ff518:   0000000000000280 0000000712219af8
0x000000e8ee9ff528:   fffffffffffffff7 000002ad3a4005fd
0x000000e8ee9ff538:   0000000000000002 000002ad3a400a38
0x000000e8ee9ff548:   0000000000000000 00000007122179f8 

Instructions: (pc=0x00007ff9b2e4dbb7)
0x00007ff9b2e4dab7:   00 00 89 c1 49 ff e1 cc cc 56 57 48 83 ec 38 44
0x00007ff9b2e4dac7:   89 ca 44 89 c0 44 8b 44 24 70 44 8b 4c 24 78 44
0x00007ff9b2e4dad7:   8b 94 24 80 00 00 00 44 8b 9c 24 88 00 00 00 48
0x00007ff9b2e4dae7:   8b b4 24 90 00 00 00 48 8b 09 48 8b 79 18 48 89
0x00007ff9b2e4daf7:   74 24 30 44 89 5c 24 28 44 89 54 24 20 89 c1 ff
0x00007ff9b2e4db07:   97 90 09 00 00 90 48 83 c4 38 5f 5e c3 cc cc cc
0x00007ff9b2e4db17:   cc cc cc cc cc cc cc cc cc 41 56 56 57 53 48 83
0x00007ff9b2e4db27:   ec 48 44 89 ca 44 89 c0 44 8b 84 24 90 00 00 00
0x00007ff9b2e4db37:   44 8b 8c 24 98 00 00 00 44 8b 94 24 a0 00 00 00
0x00007ff9b2e4db47:   44 8b 9c 24 a8 00 00 00 8b b4 24 b0 00 00 00 8b
0x00007ff9b2e4db57:   bc 24 b8 00 00 00 48 8b 9c 24 c0 00 00 00 48 8b
0x00007ff9b2e4db67:   09 4c 8b 71 18 48 89 5c 24 40 89 7c 24 38 89 74
0x00007ff9b2e4db77:   24 30 44 89 5c 24 28 44 89 54 24 20 89 c1 41 ff
0x00007ff9b2e4db87:   96 98 09 00 00 90 48 83 c4 48 5b 5f 5e 41 5e c3
0x00007ff9b2e4db97:   cc cc cc cc cc cc cc cc cc 44 89 ca 44 89 c0 44
0x00007ff9b2e4dba7:   8b 44 24 28 44 8b 4c 24 30 48 8b 09 48 8b 49 18
0x00007ff9b2e4dbb7:   4c 8b 91 78 0a 00 00 89 c1 49 ff e2 cc cc cc cc
0x00007ff9b2e4dbc7:   cc cc cc cc cc cc cc cc cc 41 57 41 56 56 57 53
0x00007ff9b2e4dbd7:   48 83 ec 50 44 89 ca 44 89 c0 44 8b 84 24 a0 00
0x00007ff9b2e4dbe7:   00 00 44 8b 8c 24 a8 00 00 00 44 8b 94 24 b0 00
0x00007ff9b2e4dbf7:   00 00 44 8b 9c 24 b8 00 00 00 8b b4 24 c0 00 00
0x00007ff9b2e4dc07:   00 8b bc 24 c8 00 00 00 8b 9c 24 d0 00 00 00 4c
0x00007ff9b2e4dc17:   8b b4 24 d8 00 00 00 48 8b 09 4c 8b 79 18 4c 89
0x00007ff9b2e4dc27:   74 24 48 89 5c 24 40 89 7c 24 38 89 74 24 30 44
0x00007ff9b2e4dc37:   89 5c 24 28 44 89 54 24 20 89 c1 41 ff 97 80 0a
0x00007ff9b2e4dc47:   00 00 90 48 83 c4 50 5b 5f 5e 41 5e 41 5f c3 cc
0x00007ff9b2e4dc57:   cc cc cc cc cc cc cc cc cc 41 57 41 56 56 57 55
0x00007ff9b2e4dc67:   53 48 83 ec 58 44 89 ca 44 89 c0 44 8b 84 24 b0
0x00007ff9b2e4dc77:   00 00 00 44 8b 8c 24 b8 00 00 00 44 8b 94 24 c0
0x00007ff9b2e4dc87:   00 00 00 44 8b 9c 24 c8 00 00 00 8b b4 24 d0 00
0x00007ff9b2e4dc97:   00 00 8b bc 24 d8 00 00 00 8b 9c 24 e0 00 00 00
0x00007ff9b2e4dca7:   8b ac 24 e8 00 00 00 4c 8b b4 24 f0 00 00 00 48 


Stack slot to memory mapping:

stack at sp + 0 slots: 0x000002ad293ed087 is at code_begin+1063 in an Interpreter codelet
native method entry point (kind = native)  [0x000002ad293ecc60, 0x000002ad293ed880]  3104 bytes
stack at sp + 1 slots: {method} {0x000002ad3a876738} 'glViewport' '(IIII)V' in 'org/lwjgl/opengl/GL11C'
stack at sp + 2 slots: 0x000000e8ee9ff428 is pointing into the stack for thread: 0x000002ad1c2337d0
stack at sp + 3 slots: 0x000002ad293e899c is at code_begin+1500 in an Interpreter codelet
return entry points  [0x000002ad293e83c0, 0x000002ad293e9008]  3144 bytes
stack at sp + 4 slots: 0x000002ad293ecd73 is at code_begin+275 in an Interpreter codelet
native method entry point (kind = native)  [0x000002ad293ecc60, 0x000002ad293ed880]  3104 bytes
stack at sp + 5 slots: 0x000002ad00000280 is an unknown value
stack at sp + 6 slots: 0x00000000000001e0 is an unknown value
stack at sp + 7 slots: 0x3ff0000000000000 is an unknown value


---------------  P R O C E S S  ---------------

Threads class SMR info:
_java_thread_list=0x000002ad42aa73a0, length=13, elements={
0x000002ad1c2337d0, 0x000002ad3986e160, 0x000002ad3986fbd0, 0x000002ad39874480,
0x000002ad39874af0, 0x000002ad3989afd0, 0x000002ad3989b730, 0x000002ad3989d4f0,
0x000002ad398b37b0, 0x000002ad399d6890, 0x000002ad39a6f490, 0x000002ad39a68a20,
0x000002ad39a97ac0
}

Java Threads: ( => current thread )
=>0x000002ad1c2337d0 JavaThread "main"                              [_thread_in_native, id=26608, stack(0x000000e8ee900000,0x000000e8eea00000) (1024K)]
  0x000002ad3986e160 JavaThread "Reference Handler"          daemon [_thread_blocked, id=38460, stack(0x000000e8ef100000,0x000000e8ef200000) (1024K)]
  0x000002ad3986fbd0 JavaThread "Finalizer"                  daemon [_thread_blocked, id=38588, stack(0x000000e8ef200000,0x000000e8ef300000) (1024K)]
  0x000002ad39874480 JavaThread "Signal Dispatcher"          daemon [_thread_blocked, id=33884, stack(0x000000e8ef300000,0x000000e8ef400000) (1024K)]
  0x000002ad39874af0 JavaThread "Attach Listener"            daemon [_thread_blocked, id=25868, stack(0x000000e8ef400000,0x000000e8ef500000) (1024K)]
  0x000002ad3989afd0 JavaThread "Service Thread"             daemon [_thread_blocked, id=21508, stack(0x000000e8ef500000,0x000000e8ef600000) (1024K)]
  0x000002ad3989b730 JavaThread "Monitor Deflation Thread"   daemon [_thread_blocked, id=5904, stack(0x000000e8ef600000,0x000000e8ef700000) (1024K)]
  0x000002ad3989d4f0 JavaThread "C2 CompilerThread0"         daemon [_thread_blocked, id=38200, stack(0x000000e8ef700000,0x000000e8ef800000) (1024K)]
  0x000002ad398b37b0 JavaThread "C1 CompilerThread0"         daemon [_thread_blocked, id=33360, stack(0x000000e8ef800000,0x000000e8ef900000) (1024K)]
  0x000002ad399d6890 JavaThread "C1 CompilerThread1"         daemon [_thread_blocked, id=18152, stack(0x000000e8ef900000,0x000000e8efa00000) (1024K)]
  0x000002ad39a6f490 JavaThread "Notification Thread"        daemon [_thread_blocked, id=26112, stack(0x000000e8efa00000,0x000000e8efb00000) (1024K)]
  0x000002ad39a68a20 JavaThread "Common-Cleaner"             daemon [_thread_blocked, id=25872, stack(0x000000e8efb00000,0x000000e8efc00000) (1024K)]
  0x000002ad39a97ac0 JavaThread "C1 CompilerThread2"         daemon [_thread_blocked, id=28136, stack(0x000000e8efc00000,0x000000e8efd00000) (1024K)]
Total: 13

Other Threads:
  0x000002ad397ed4c0 VMThread "VM Thread"                           [id=13844, stack(0x000000e8ef000000,0x000000e8ef100000) (1024K)]
  0x000002ad3977d500 WatcherThread "VM Periodic Task Thread"        [id=31880, stack(0x000000e8eef00000,0x000000e8ef000000) (1024K)]
  0x000002ad1e4fcc40 WorkerThread "GC Thread#0"                     [id=6580, stack(0x000000e8eea00000,0x000000e8eeb00000) (1024K)]
  0x000002ad1e50e300 ConcurrentGCThread "G1 Main Marker"            [id=8644, stack(0x000000e8eeb00000,0x000000e8eec00000) (1024K)]
  0x000002ad1e50ee10 WorkerThread "G1 Conc#0"                       [id=15016, stack(0x000000e8eec00000,0x000000e8eed00000) (1024K)]
  0x000002ad1e55e640 ConcurrentGCThread "G1 Refine#0"               [id=22992, stack(0x000000e8eed00000,0x000000e8eee00000) (1024K)]
  0x000002ad39650430 ConcurrentGCThread "G1 Service"                [id=14972, stack(0x000000e8eee00000,0x000000e8eef00000) (1024K)]
Total: 7

Threads with active compile tasks:
Total: 0

VM state: not at safepoint (normal execution)

VM Mutex/Monitor currently owned by a thread: None

Heap address: 0x0000000702800000, size: 4056 MB, Compressed Oops mode: Zero based, Oop shift amount: 3

CDS archive(s) not mapped
Compressed class space mapped at: 0x000000001f000000-0x000000005f000000, reserved size: 1073741824
Narrow klass base: 0x0000000000000000, Narrow klass shift: 0, Narrow klass range: 0x5f000000

GC Precious Log:
 CardTable entry size: 512
 Card Set container configuration: InlinePtr #cards 4 size 8 Array Of Cards #cards 16 size 48 Howl #buckets 8 coarsen threshold 3686 Howl Bitmap #cards 512 size 80 coarsen threshold 460 Card regions per heap region 1 cards per card region 4096
 CPUs: 16 total, 16 available
 Memory: 16217M
 Large Page Support: Disabled
 NUMA Support: Disabled
 Compressed Oops: Enabled (Zero based)
 Heap Region Size: 2M
 Heap Min Capacity: 8M
 Heap Initial Capacity: 254M
 Heap Max Capacity: 4056M
 Pre-touch: Disabled
 Parallel Workers: 13
 Concurrent Workers: 3
 Concurrent Refinement Workers: 13
 Periodic GC: Disabled

Heap:
 garbage-first heap   total reserved 4153344K, committed 260096K, used 6144K [0x0000000702800000, 0x0000000800000000)
  region size 2048K, 4 young (8192K), 0 survivors (0K)
 Metaspace       used 9433K, committed 9536K, reserved 1114112K
  class space    used 744K, committed 768K, reserved 1048576K

Heap Regions: E=young(eden), S=young(survivor), O=old, HS=humongous(starts), HC=humongous(continues), CS=collection set, F=free, TAMS=top-at-mark-start, PB=parsable bottom
|   0|0x0000000702800000, 0x0000000702800000, 0x0000000702a00000|  0%| F|  |TAMS 0x0000000702800000| PB 0x0000000702800000| Untracked |  0
|   1|0x0000000702a00000, 0x0000000702a00000, 0x0000000702c00000|  0%| F|  |TAMS 0x0000000702a00000| PB 0x0000000702a00000| Untracked |  0
|   2|0x0000000702c00000, 0x0000000702c00000, 0x0000000702e00000|  0%| F|  |TAMS 0x0000000702c00000| PB 0x0000000702c00000| Untracked |  0
|   3|0x0000000702e00000, 0x0000000702e00000, 0x0000000703000000|  0%| F|  |TAMS 0x0000000702e00000| PB 0x0000000702e00000| Untracked |  0
|   4|0x0000000703000000, 0x0000000703000000, 0x0000000703200000|  0%| F|  |TAMS 0x0000000703000000| PB 0x0000000703000000| Untracked |  0
|   5|0x0000000703200000, 0x0000000703200000, 0x0000000703400000|  0%| F|  |TAMS 0x0000000703200000| PB 0x0000000703200000| Untracked |  0
|   6|0x0000000703400000, 0x0000000703400000, 0x0000000703600000|  0%| F|  |TAMS 0x0000000703400000| PB 0x0000000703400000| Untracked |  0
|   7|0x0000000703600000, 0x0000000703600000, 0x0000000703800000|  0%| F|  |TAMS 0x0000000703600000| PB 0x0000000703600000| Untracked |  0
|   8|0x0000000703800000, 0x0000000703800000, 0x0000000703a00000|  0%| F|  |TAMS 0x0000000703800000| PB 0x0000000703800000| Untracked |  0
|   9|0x0000000703a00000, 0x0000000703a00000, 0x0000000703c00000|  0%| F|  |TAMS 0x0000000703a00000| PB 0x0000000703a00000| Untracked |  0
|  10|0x0000000703c00000, 0x0000000703c00000, 0x0000000703e00000|  0%| F|  |TAMS 0x0000000703c00000| PB 0x0000000703c00000| Untracked |  0
|  11|0x0000000703e00000, 0x0000000703e00000, 0x0000000704000000|  0%| F|  |TAMS 0x0000000703e00000| PB 0x0000000703e00000| Untracked |  0
|  12|0x0000000704000000, 0x0000000704000000, 0x0000000704200000|  0%| F|  |TAMS 0x0000000704000000| PB 0x0000000704000000| Untracked |  0
|  13|0x0000000704200000, 0x0000000704200000, 0x0000000704400000|  0%| F|  |TAMS 0x0000000704200000| PB 0x0000000704200000| Untracked |  0
|  14|0x0000000704400000, 0x0000000704400000, 0x0000000704600000|  0%| F|  |TAMS 0x0000000704400000| PB 0x0000000704400000| Untracked |  0
|  15|0x0000000704600000, 0x0000000704600000, 0x0000000704800000|  0%| F|  |TAMS 0x0000000704600000| PB 0x0000000704600000| Untracked |  0
|  16|0x0000000704800000, 0x0000000704800000, 0x0000000704a00000|  0%| F|  |TAMS 0x0000000704800000| PB 0x0000000704800000| Untracked |  0
|  17|0x0000000704a00000, 0x0000000704a00000, 0x0000000704c00000|  0%| F|  |TAMS 0x0000000704a00000| PB 0x0000000704a00000| Untracked |  0
|  18|0x0000000704c00000, 0x0000000704c00000, 0x0000000704e00000|  0%| F|  |TAMS 0x0000000704c00000| PB 0x0000000704c00000| Untracked |  0
|  19|0x0000000704e00000, 0x0000000704e00000, 0x0000000705000000|  0%| F|  |TAMS 0x0000000704e00000| PB 0x0000000704e00000| Untracked |  0
|  20|0x0000000705000000, 0x0000000705000000, 0x0000000705200000|  0%| F|  |TAMS 0x0000000705000000| PB 0x0000000705000000| Untracked |  0
|  21|0x0000000705200000, 0x0000000705200000, 0x0000000705400000|  0%| F|  |TAMS 0x0000000705200000| PB 0x0000000705200000| Untracked |  0
|  22|0x0000000705400000, 0x0000000705400000, 0x0000000705600000|  0%| F|  |TAMS 0x0000000705400000| PB 0x0000000705400000| Untracked |  0
|  23|0x0000000705600000, 0x0000000705600000, 0x0000000705800000|  0%| F|  |TAMS 0x0000000705600000| PB 0x0000000705600000| Untracked |  0
|  24|0x0000000705800000, 0x0000000705800000, 0x0000000705a00000|  0%| F|  |TAMS 0x0000000705800000| PB 0x0000000705800000| Untracked |  0
|  25|0x0000000705a00000, 0x0000000705a00000, 0x0000000705c00000|  0%| F|  |TAMS 0x0000000705a00000| PB 0x0000000705a00000| Untracked |  0
|  26|0x0000000705c00000, 0x0000000705c00000, 0x0000000705e00000|  0%| F|  |TAMS 0x0000000705c00000| PB 0x0000000705c00000| Untracked |  0
|  27|0x0000000705e00000, 0x0000000705e00000, 0x0000000706000000|  0%| F|  |TAMS 0x0000000705e00000| PB 0x0000000705e00000| Untracked |  0
|  28|0x0000000706000000, 0x0000000706000000, 0x0000000706200000|  0%| F|  |TAMS 0x0000000706000000| PB 0x0000000706000000| Untracked |  0
|  29|0x0000000706200000, 0x0000000706200000, 0x0000000706400000|  0%| F|  |TAMS 0x0000000706200000| PB 0x0000000706200000| Untracked |  0
|  30|0x0000000706400000, 0x0000000706400000, 0x0000000706600000|  0%| F|  |TAMS 0x0000000706400000| PB 0x0000000706400000| Untracked |  0
|  31|0x0000000706600000, 0x0000000706600000, 0x0000000706800000|  0%| F|  |TAMS 0x0000000706600000| PB 0x0000000706600000| Untracked |  0
|  32|0x0000000706800000, 0x0000000706800000, 0x0000000706a00000|  0%| F|  |TAMS 0x0000000706800000| PB 0x0000000706800000| Untracked |  0
|  33|0x0000000706a00000, 0x0000000706a00000, 0x0000000706c00000|  0%| F|  |TAMS 0x0000000706a00000| PB 0x0000000706a00000| Untracked |  0
|  34|0x0000000706c00000, 0x0000000706c00000, 0x0000000706e00000|  0%| F|  |TAMS 0x0000000706c00000| PB 0x0000000706c00000| Untracked |  0
|  35|0x0000000706e00000, 0x0000000706e00000, 0x0000000707000000|  0%| F|  |TAMS 0x0000000706e00000| PB 0x0000000706e00000| Untracked |  0
|  36|0x0000000707000000, 0x0000000707000000, 0x0000000707200000|  0%| F|  |TAMS 0x0000000707000000| PB 0x0000000707000000| Untracked |  0
|  37|0x0000000707200000, 0x0000000707200000, 0x0000000707400000|  0%| F|  |TAMS 0x0000000707200000| PB 0x0000000707200000| Untracked |  0
|  38|0x0000000707400000, 0x0000000707400000, 0x0000000707600000|  0%| F|  |TAMS 0x0000000707400000| PB 0x0000000707400000| Untracked |  0
|  39|0x0000000707600000, 0x0000000707600000, 0x0000000707800000|  0%| F|  |TAMS 0x0000000707600000| PB 0x0000000707600000| Untracked |  0
|  40|0x0000000707800000, 0x0000000707800000, 0x0000000707a00000|  0%| F|  |TAMS 0x0000000707800000| PB 0x0000000707800000| Untracked |  0
|  41|0x0000000707a00000, 0x0000000707a00000, 0x0000000707c00000|  0%| F|  |TAMS 0x0000000707a00000| PB 0x0000000707a00000| Untracked |  0
|  42|0x0000000707c00000, 0x0000000707c00000, 0x0000000707e00000|  0%| F|  |TAMS 0x0000000707c00000| PB 0x0000000707c00000| Untracked |  0
|  43|0x0000000707e00000, 0x0000000707e00000, 0x0000000708000000|  0%| F|  |TAMS 0x0000000707e00000| PB 0x0000000707e00000| Untracked |  0
|  44|0x0000000708000000, 0x0000000708000000, 0x0000000708200000|  0%| F|  |TAMS 0x0000000708000000| PB 0x0000000708000000| Untracked |  0
|  45|0x0000000708200000, 0x0000000708200000, 0x0000000708400000|  0%| F|  |TAMS 0x0000000708200000| PB 0x0000000708200000| Untracked |  0
|  46|0x0000000708400000, 0x0000000708400000, 0x0000000708600000|  0%| F|  |TAMS 0x0000000708400000| PB 0x0000000708400000| Untracked |  0
|  47|0x0000000708600000, 0x0000000708600000, 0x0000000708800000|  0%| F|  |TAMS 0x0000000708600000| PB 0x0000000708600000| Untracked |  0
|  48|0x0000000708800000, 0x0000000708800000, 0x0000000708a00000|  0%| F|  |TAMS 0x0000000708800000| PB 0x0000000708800000| Untracked |  0
|  49|0x0000000708a00000, 0x0000000708a00000, 0x0000000708c00000|  0%| F|  |TAMS 0x0000000708a00000| PB 0x0000000708a00000| Untracked |  0
|  50|0x0000000708c00000, 0x0000000708c00000, 0x0000000708e00000|  0%| F|  |TAMS 0x0000000708c00000| PB 0x0000000708c00000| Untracked |  0
|  51|0x0000000708e00000, 0x0000000708e00000, 0x0000000709000000|  0%| F|  |TAMS 0x0000000708e00000| PB 0x0000000708e00000| Untracked |  0
|  52|0x0000000709000000, 0x0000000709000000, 0x0000000709200000|  0%| F|  |TAMS 0x0000000709000000| PB 0x0000000709000000| Untracked |  0
|  53|0x0000000709200000, 0x0000000709200000, 0x0000000709400000|  0%| F|  |TAMS 0x0000000709200000| PB 0x0000000709200000| Untracked |  0
|  54|0x0000000709400000, 0x0000000709400000, 0x0000000709600000|  0%| F|  |TAMS 0x0000000709400000| PB 0x0000000709400000| Untracked |  0
|  55|0x0000000709600000, 0x0000000709600000, 0x0000000709800000|  0%| F|  |TAMS 0x0000000709600000| PB 0x0000000709600000| Untracked |  0
|  56|0x0000000709800000, 0x0000000709800000, 0x0000000709a00000|  0%| F|  |TAMS 0x0000000709800000| PB 0x0000000709800000| Untracked |  0
|  57|0x0000000709a00000, 0x0000000709a00000, 0x0000000709c00000|  0%| F|  |TAMS 0x0000000709a00000| PB 0x0000000709a00000| Untracked |  0
|  58|0x0000000709c00000, 0x0000000709c00000, 0x0000000709e00000|  0%| F|  |TAMS 0x0000000709c00000| PB 0x0000000709c00000| Untracked |  0
|  59|0x0000000709e00000, 0x0000000709e00000, 0x000000070a000000|  0%| F|  |TAMS 0x0000000709e00000| PB 0x0000000709e00000| Untracked |  0
|  60|0x000000070a000000, 0x000000070a000000, 0x000000070a200000|  0%| F|  |TAMS 0x000000070a000000| PB 0x000000070a000000| Untracked |  0
|  61|0x000000070a200000, 0x000000070a200000, 0x000000070a400000|  0%| F|  |TAMS 0x000000070a200000| PB 0x000000070a200000| Untracked |  0
|  62|0x000000070a400000, 0x000000070a400000, 0x000000070a600000|  0%| F|  |TAMS 0x000000070a400000| PB 0x000000070a400000| Untracked |  0
|  63|0x000000070a600000, 0x000000070a600000, 0x000000070a800000|  0%| F|  |TAMS 0x000000070a600000| PB 0x000000070a600000| Untracked |  0
|  64|0x000000070a800000, 0x000000070a800000, 0x000000070aa00000|  0%| F|  |TAMS 0x000000070a800000| PB 0x000000070a800000| Untracked |  0
|  65|0x000000070aa00000, 0x000000070aa00000, 0x000000070ac00000|  0%| F|  |TAMS 0x000000070aa00000| PB 0x000000070aa00000| Untracked |  0
|  66|0x000000070ac00000, 0x000000070ac00000, 0x000000070ae00000|  0%| F|  |TAMS 0x000000070ac00000| PB 0x000000070ac00000| Untracked |  0
|  67|0x000000070ae00000, 0x000000070ae00000, 0x000000070b000000|  0%| F|  |TAMS 0x000000070ae00000| PB 0x000000070ae00000| Untracked |  0
|  68|0x000000070b000000, 0x000000070b000000, 0x000000070b200000|  0%| F|  |TAMS 0x000000070b000000| PB 0x000000070b000000| Untracked |  0
|  69|0x000000070b200000, 0x000000070b200000, 0x000000070b400000|  0%| F|  |TAMS 0x000000070b200000| PB 0x000000070b200000| Untracked |  0
|  70|0x000000070b400000, 0x000000070b400000, 0x000000070b600000|  0%| F|  |TAMS 0x000000070b400000| PB 0x000000070b400000| Untracked |  0
|  71|0x000000070b600000, 0x000000070b600000, 0x000000070b800000|  0%| F|  |TAMS 0x000000070b600000| PB 0x000000070b600000| Untracked |  0
|  72|0x000000070b800000, 0x000000070b800000, 0x000000070ba00000|  0%| F|  |TAMS 0x000000070b800000| PB 0x000000070b800000| Untracked |  0
|  73|0x000000070ba00000, 0x000000070ba00000, 0x000000070bc00000|  0%| F|  |TAMS 0x000000070ba00000| PB 0x000000070ba00000| Untracked |  0
|  74|0x000000070bc00000, 0x000000070bc00000, 0x000000070be00000|  0%| F|  |TAMS 0x000000070bc00000| PB 0x000000070bc00000| Untracked |  0
|  75|0x000000070be00000, 0x000000070be00000, 0x000000070c000000|  0%| F|  |TAMS 0x000000070be00000| PB 0x000000070be00000| Untracked |  0
|  76|0x000000070c000000, 0x000000070c000000, 0x000000070c200000|  0%| F|  |TAMS 0x000000070c000000| PB 0x000000070c000000| Untracked |  0
|  77|0x000000070c200000, 0x000000070c200000, 0x000000070c400000|  0%| F|  |TAMS 0x000000070c200000| PB 0x000000070c200000| Untracked |  0
|  78|0x000000070c400000, 0x000000070c400000, 0x000000070c600000|  0%| F|  |TAMS 0x000000070c400000| PB 0x000000070c400000| Untracked |  0
|  79|0x000000070c600000, 0x000000070c600000, 0x000000070c800000|  0%| F|  |TAMS 0x000000070c600000| PB 0x000000070c600000| Untracked |  0
|  80|0x000000070c800000, 0x000000070c800000, 0x000000070ca00000|  0%| F|  |TAMS 0x000000070c800000| PB 0x000000070c800000| Untracked |  0
|  81|0x000000070ca00000, 0x000000070ca00000, 0x000000070cc00000|  0%| F|  |TAMS 0x000000070ca00000| PB 0x000000070ca00000| Untracked |  0
|  82|0x000000070cc00000, 0x000000070cc00000, 0x000000070ce00000|  0%| F|  |TAMS 0x000000070cc00000| PB 0x000000070cc00000| Untracked |  0
|  83|0x000000070ce00000, 0x000000070ce00000, 0x000000070d000000|  0%| F|  |TAMS 0x000000070ce00000| PB 0x000000070ce00000| Untracked |  0
|  84|0x000000070d000000, 0x000000070d000000, 0x000000070d200000|  0%| F|  |TAMS 0x000000070d000000| PB 0x000000070d000000| Untracked |  0
|  85|0x000000070d200000, 0x000000070d200000, 0x000000070d400000|  0%| F|  |TAMS 0x000000070d200000| PB 0x000000070d200000| Untracked |  0
|  86|0x000000070d400000, 0x000000070d400000, 0x000000070d600000|  0%| F|  |TAMS 0x000000070d400000| PB 0x000000070d400000| Untracked |  0
|  87|0x000000070d600000, 0x000000070d600000, 0x000000070d800000|  0%| F|  |TAMS 0x000000070d600000| PB 0x000000070d600000| Untracked |  0
|  88|0x000000070d800000, 0x000000070d800000, 0x000000070da00000|  0%| F|  |TAMS 0x000000070d800000| PB 0x000000070d800000| Untracked |  0
|  89|0x000000070da00000, 0x000000070da00000, 0x000000070dc00000|  0%| F|  |TAMS 0x000000070da00000| PB 0x000000070da00000| Untracked |  0
|  90|0x000000070dc00000, 0x000000070dc00000, 0x000000070de00000|  0%| F|  |TAMS 0x000000070dc00000| PB 0x000000070dc00000| Untracked |  0
|  91|0x000000070de00000, 0x000000070de00000, 0x000000070e000000|  0%| F|  |TAMS 0x000000070de00000| PB 0x000000070de00000| Untracked |  0
|  92|0x000000070e000000, 0x000000070e000000, 0x000000070e200000|  0%| F|  |TAMS 0x000000070e000000| PB 0x000000070e000000| Untracked |  0
|  93|0x000000070e200000, 0x000000070e200000, 0x000000070e400000|  0%| F|  |TAMS 0x000000070e200000| PB 0x000000070e200000| Untracked |  0
|  94|0x000000070e400000, 0x000000070e400000, 0x000000070e600000|  0%| F|  |TAMS 0x000000070e400000| PB 0x000000070e400000| Untracked |  0
|  95|0x000000070e600000, 0x000000070e600000, 0x000000070e800000|  0%| F|  |TAMS 0x000000070e600000| PB 0x000000070e600000| Untracked |  0
|  96|0x000000070e800000, 0x000000070e800000, 0x000000070ea00000|  0%| F|  |TAMS 0x000000070e800000| PB 0x000000070e800000| Untracked |  0
|  97|0x000000070ea00000, 0x000000070ea00000, 0x000000070ec00000|  0%| F|  |TAMS 0x000000070ea00000| PB 0x000000070ea00000| Untracked |  0
|  98|0x000000070ec00000, 0x000000070ec00000, 0x000000070ee00000|  0%| F|  |TAMS 0x000000070ec00000| PB 0x000000070ec00000| Untracked |  0
|  99|0x000000070ee00000, 0x000000070ee00000, 0x000000070f000000|  0%| F|  |TAMS 0x000000070ee00000| PB 0x000000070ee00000| Untracked |  0
| 100|0x000000070f000000, 0x000000070f000000, 0x000000070f200000|  0%| F|  |TAMS 0x000000070f000000| PB 0x000000070f000000| Untracked |  0
| 101|0x000000070f200000, 0x000000070f200000, 0x000000070f400000|  0%| F|  |TAMS 0x000000070f200000| PB 0x000000070f200000| Untracked |  0
| 102|0x000000070f400000, 0x000000070f400000, 0x000000070f600000|  0%| F|  |TAMS 0x000000070f400000| PB 0x000000070f400000| Untracked |  0
| 103|0x000000070f600000, 0x000000070f600000, 0x000000070f800000|  0%| F|  |TAMS 0x000000070f600000| PB 0x000000070f600000| Untracked |  0
| 104|0x000000070f800000, 0x000000070f800000, 0x000000070fa00000|  0%| F|  |TAMS 0x000000070f800000| PB 0x000000070f800000| Untracked |  0
| 105|0x000000070fa00000, 0x000000070fa00000, 0x000000070fc00000|  0%| F|  |TAMS 0x000000070fa00000| PB 0x000000070fa00000| Untracked |  0
| 106|0x000000070fc00000, 0x000000070fc00000, 0x000000070fe00000|  0%| F|  |TAMS 0x000000070fc00000| PB 0x000000070fc00000| Untracked |  0
| 107|0x000000070fe00000, 0x000000070fe00000, 0x0000000710000000|  0%| F|  |TAMS 0x000000070fe00000| PB 0x000000070fe00000| Untracked |  0
| 108|0x0000000710000000, 0x0000000710000000, 0x0000000710200000|  0%| F|  |TAMS 0x0000000710000000| PB 0x0000000710000000| Untracked |  0
| 109|0x0000000710200000, 0x0000000710200000, 0x0000000710400000|  0%| F|  |TAMS 0x0000000710200000| PB 0x0000000710200000| Untracked |  0
| 110|0x0000000710400000, 0x0000000710400000, 0x0000000710600000|  0%| F|  |TAMS 0x0000000710400000| PB 0x0000000710400000| Untracked |  0
| 111|0x0000000710600000, 0x0000000710600000, 0x0000000710800000|  0%| F|  |TAMS 0x0000000710600000| PB 0x0000000710600000| Untracked |  0
| 112|0x0000000710800000, 0x0000000710800000, 0x0000000710a00000|  0%| F|  |TAMS 0x0000000710800000| PB 0x0000000710800000| Untracked |  0
| 113|0x0000000710a00000, 0x0000000710a00000, 0x0000000710c00000|  0%| F|  |TAMS 0x0000000710a00000| PB 0x0000000710a00000| Untracked |  0
| 114|0x0000000710c00000, 0x0000000710c00000, 0x0000000710e00000|  0%| F|  |TAMS 0x0000000710c00000| PB 0x0000000710c00000| Untracked |  0
| 115|0x0000000710e00000, 0x0000000710e00000, 0x0000000711000000|  0%| F|  |TAMS 0x0000000710e00000| PB 0x0000000710e00000| Untracked |  0
| 116|0x0000000711000000, 0x0000000711000000, 0x0000000711200000|  0%| F|  |TAMS 0x0000000711000000| PB 0x0000000711000000| Untracked |  0
| 117|0x0000000711200000, 0x0000000711200000, 0x0000000711400000|  0%| F|  |TAMS 0x0000000711200000| PB 0x0000000711200000| Untracked |  0
| 118|0x0000000711400000, 0x0000000711400000, 0x0000000711600000|  0%| F|  |TAMS 0x0000000711400000| PB 0x0000000711400000| Untracked |  0
| 119|0x0000000711600000, 0x0000000711600000, 0x0000000711800000|  0%| F|  |TAMS 0x0000000711600000| PB 0x0000000711600000| Untracked |  0
| 120|0x0000000711800000, 0x0000000711800000, 0x0000000711a00000|  0%| F|  |TAMS 0x0000000711800000| PB 0x0000000711800000| Untracked |  0
| 121|0x0000000711a00000, 0x0000000711a00000, 0x0000000711c00000|  0%| F|  |TAMS 0x0000000711a00000| PB 0x0000000711a00000| Untracked |  0
| 122|0x0000000711c00000, 0x0000000711c00000, 0x0000000711e00000|  0%| F|  |TAMS 0x0000000711c00000| PB 0x0000000711c00000| Untracked |  0
| 123|0x0000000711e00000, 0x0000000711efcbf8, 0x0000000712000000| 49%| E|  |TAMS 0x0000000711e00000| PB 0x0000000711e00000| Complete |  0
| 124|0x0000000712000000, 0x0000000712200000, 0x0000000712200000|100%| E|CS|TAMS 0x0000000712000000| PB 0x0000000712000000| Complete |  0
| 125|0x0000000712200000, 0x0000000712400000, 0x0000000712400000|100%| E|CS|TAMS 0x0000000712200000| PB 0x0000000712200000| Complete |  0
| 126|0x0000000712400000, 0x0000000712600000, 0x0000000712600000|100%| E|CS|TAMS 0x0000000712400000| PB 0x0000000712400000| Complete |  0

Card table byte_map: [0x000002ad32000000,0x000002ad327f0000] _byte_map_base: 0x000002ad2e7ec000

Marking Bits: (CMBitMap*) 0x000002ad1e4fd350
 Bits: [0x000002ad327f0000, 0x000002ad36750000)

Polling page: 0x000002ad1c420000

Metaspace:

Usage:
  Non-class:      8.49 MB used.
      Class:    744.28 KB used.
       Both:      9.21 MB used.

Virtual space:
  Non-class space:       64.00 MB reserved,       8.56 MB ( 13%) committed,  1 nodes.
      Class space:        1.00 GB reserved,     768.00 KB ( <1%) committed,  1 nodes.
             Both:        1.06 GB reserved,       9.31 MB ( <1%) committed. 

Chunk freelists:
   Non-Class:  6.52 MB
       Class:  15.19 MB
        Both:  21.71 MB

MaxMetaspaceSize: unlimited
CompressedClassSpaceSize: 1.00 GB
Initial GC threshold: 21.00 MB
Current GC threshold: 21.00 MB
CDS: off
 - commit_granule_bytes: 65536.
 - commit_granule_words: 8192.
 - virtual_space_node_default_size: 8388608.
 - enlarge_chunks_in_place: 1.
 - use_allocation_guard: 0.


Internal statistics:

num_allocs_failed_limit: 0.
num_arena_births: 62.
num_arena_deaths: 0.
num_vsnodes_births: 2.
num_vsnodes_deaths: 0.
num_space_committed: 149.
num_space_uncommitted: 0.
num_chunks_returned_to_freelist: 0.
num_chunks_taken_from_freelist: 136.
num_chunk_merges: 0.
num_chunk_splits: 81.
num_chunks_enlarged: 53.
num_inconsistent_stats: 0.

CodeHeap 'non-profiled nmethods': size=119168Kb used=153Kb max_used=153Kb free=119014Kb
 bounds [0x000002ad29b30000, 0x000002ad29da0000, 0x000002ad30f90000]
CodeHeap 'profiled nmethods': size=119104Kb used=739Kb max_used=739Kb free=118364Kb
 bounds [0x000002ad21f90000, 0x000002ad22200000, 0x000002ad293e0000]
CodeHeap 'non-nmethods': size=7488Kb used=3477Kb max_used=3491Kb free=4010Kb
 bounds [0x000002ad293e0000, 0x000002ad29750000, 0x000002ad29b30000]
 total_blobs=1557 nmethods=517 adapters=943
 compilation: enabled
              stopped_count=0, restarted_count=0
 full_count=0

Compilation events (20 events):
Event: 0.387 Thread 0x000002ad398b37b0 nmethod 507 0x000002ad29b54990 code [0x000002ad29b54b20, 0x000002ad29b54bf0]
Event: 0.387 Thread 0x000002ad399d6890 nmethod 506 0x000002ad29b54c90 code [0x000002ad29b54e20, 0x000002ad29b54ef0]
Event: 0.388 Thread 0x000002ad399d6890  508       1       java.net.URL::getPort (5 bytes)
Event: 0.388 Thread 0x000002ad399d6890 nmethod 508 0x000002ad29b54f90 code [0x000002ad29b55120, 0x000002ad29b551e8]
Event: 0.388 Thread 0x000002ad399d6890  510       3       sun.misc.Unsafe::putLong (11 bytes)
Event: 0.388 Thread 0x000002ad39a97ac0  511       3       org.lwjgl.system.MemoryUtil::memPutAddress (29 bytes)
Event: 0.388 Thread 0x000002ad3989d4f0  512       4       java.lang.Integer::toUnsignedLong (7 bytes)
Event: 0.388 Thread 0x000002ad399d6890 nmethod 510 0x000002ad22047310 code [0x000002ad220474a0, 0x000002ad220475b0]
Event: 0.388 Thread 0x000002ad39a97ac0 nmethod 511 0x000002ad22047690 code [0x000002ad22047840, 0x000002ad22047a28]
Event: 0.388 Thread 0x000002ad39a97ac0  514       1       java.net.URL::getAuthority (5 bytes)
Event: 0.388 Thread 0x000002ad399d6890  516       1       java.net.URL::getQuery (5 bytes)
Event: 0.388 Thread 0x000002ad398b37b0  515       1       java.net.URL::getPath (5 bytes)
Event: 0.388 Thread 0x000002ad3989d4f0 nmethod 512 0x000002ad29b55690 code [0x000002ad29b55800, 0x000002ad29b55868]
Event: 0.388 Thread 0x000002ad3989d4f0  513       4       sun.misc.Unsafe::putLong (11 bytes)
Event: 0.388 Thread 0x000002ad39a97ac0 nmethod 514 0x000002ad29b55990 code [0x000002ad29b55b20, 0x000002ad29b55bf0]
Event: 0.388 Thread 0x000002ad398b37b0 nmethod 515 0x000002ad29b55c90 code [0x000002ad29b55e20, 0x000002ad29b55ef0]
Event: 0.388 Thread 0x000002ad399d6890 nmethod 516 0x000002ad29b55f90 code [0x000002ad29b56120, 0x000002ad29b561f0]
Event: 0.388 Thread 0x000002ad39a97ac0  517       3       java.io.WinNTFileSystem::normalize (148 bytes)
Event: 0.388 Thread 0x000002ad3989d4f0 nmethod 513 0x000002ad29b56290 code [0x000002ad29b56400, 0x000002ad29b564a0]
Event: 0.389 Thread 0x000002ad39a97ac0 nmethod 517 0x000002ad22047b10 code [0x000002ad22047da0, 0x000002ad22048860]

GC Heap History (0 events):
No events

Dll operation events (8 events):
Event: 0.004 Loaded shared library C:\Users\hunte\.p2\pool\plugins\org.eclipse.justj.openjdk.hotspot.jre.full.win32.x86_64_22.0.2.v20240802-1626\jre\bin\java.dll
Event: 0.007 Loaded shared library C:\Users\hunte\.p2\pool\plugins\org.eclipse.justj.openjdk.hotspot.jre.full.win32.x86_64_22.0.2.v20240802-1626\jre\bin\zip.dll
Event: 0.069 Loaded shared library C:\Users\hunte\.p2\pool\plugins\org.eclipse.justj.openjdk.hotspot.jre.full.win32.x86_64_22.0.2.v20240802-1626\jre\bin\net.dll
Event: 0.070 Loaded shared library C:\Users\hunte\.p2\pool\plugins\org.eclipse.justj.openjdk.hotspot.jre.full.win32.x86_64_22.0.2.v20240802-1626\jre\bin\nio.dll
Event: 0.077 Loaded shared library C:\Users\hunte\.p2\pool\plugins\org.eclipse.justj.openjdk.hotspot.jre.full.win32.x86_64_22.0.2.v20240802-1626\jre\bin\zip.dll
Event: 0.120 Loaded shared library C:\Users\hunte\.p2\pool\plugins\org.eclipse.justj.openjdk.hotspot.jre.full.win32.x86_64_22.0.2.v20240802-1626\jre\bin\jimage.dll
Event: 0.129 Loaded shared library C:\Users\hunte\eclipse-workspace\Ptolemy\natives\lwjgl.dll
Event: 0.383 Loaded shared library C:\Users\hunte\OneDrive\Documents\GitHub\Ptolemy\front end\Ptolemy\natives\windows\x64\org\lwjgl\opengl\lwjgl_opengl.dll

Deoptimization events (6 events):
Event: 0.097 Thread 0x000002ad1c2337d0 Uncommon trap: trap_request=0xffffff45 fr.pc=0x000002ad29b37368 relative=0x00000000000002a8
Event: 0.097 Thread 0x000002ad1c2337d0 Uncommon trap: reason=unstable_if action=reinterpret pc=0x000002ad29b37368 method=java.lang.StringLatin1.hashCode([B)I @ 2 c2
Event: 0.097 Thread 0x000002ad1c2337d0 DEOPT PACKING pc=0x000002ad29b37368 sp=0x000000e8ee9fb880
Event: 0.097 Thread 0x000002ad1c2337d0 DEOPT UNPACKING pc=0x000002ad29437da2 sp=0x000000e8ee9fb7b8 mode 2
Event: 0.163 Thread 0x000002ad1c2337d0 DEOPT PACKING pc=0x000002ad22010a72 sp=0x000000e8ee9fd740
Event: 0.163 Thread 0x000002ad1c2337d0 DEOPT UNPACKING pc=0x000002ad294388e2 sp=0x000000e8ee9fcbd8 mode 0

Classes loaded (20 events):
Event: 0.385 Loading class java/util/Formatter
Event: 0.385 Loading class java/util/Formatter done
Event: 0.385 Loading class java/util/Locale$Category
Event: 0.386 Loading class java/util/Locale$Category done
Event: 0.386 Loading class java/util/Formatter$FixedString
Event: 0.386 Loading class java/util/Formatter$FormatString
Event: 0.386 Loading class java/util/Formatter$FormatString done
Event: 0.386 Loading class java/util/Formatter$FixedString done
Event: 0.386 Loading class java/util/Formatter$Conversion
Event: 0.386 Loading class java/util/Formatter$Conversion done
Event: 0.386 Loading class java/util/Formatter$FormatSpecifier
Event: 0.386 Loading class java/util/Formatter$FormatSpecifier done
Event: 0.386 Loading class java/util/Formattable
Event: 0.386 Loading class java/util/Formattable done
Event: 0.386 Loading class java/util/Formatter$Flags
Event: 0.386 Loading class java/util/Formatter$Flags done
Event: 0.387 Loading class sun/nio/cs/UTF_16LE$Decoder
Event: 0.387 Loading class sun/nio/cs/UnicodeDecoder
Event: 0.387 Loading class sun/nio/cs/UnicodeDecoder done
Event: 0.387 Loading class sun/nio/cs/UTF_16LE$Decoder done

Classes unloaded (0 events):
No events

Classes redefined (0 events):
No events

Internal exceptions (20 events):
Event: 0.115 Thread 0x000002ad1c2337d0 Exception <a 'java/lang/NoSuchMethodError'{0x000000071204ba00}: 'int java.lang.invoke.DirectMethodHandle$Holder.invokeSpecial(java.lang.Object, java.lang.Object, java.lang.Object)'> (0x000000071204ba00) 
thrown [s\src\hotspot\share\interpreter\linkResolver.cpp, line 774]
Event: 0.117 Thread 0x000002ad1c2337d0 Exception <a 'java/lang/NoSuchMethodError'{0x0000000712066440}: 'void java.lang.System.loadLibrary(java.lang.String, java.lang.Class)'> (0x0000000712066440) 
thrown [s\src\hotspot\share\interpreter\linkResolver.cpp, line 774]
Event: 0.126 Thread 0x000002ad1c2337d0 Exception <a 'sun/nio/fs/WindowsException'{0x00000007120f6fd8}> (0x00000007120f6fd8) 
thrown [s\src\hotspot\share\prims\jni.cpp, line 520]
Event: 0.126 Thread 0x000002ad1c2337d0 Exception <a 'sun/nio/fs/WindowsException'{0x00000007120f74d0}> (0x00000007120f74d0) 
thrown [s\src\hotspot\share\prims\jni.cpp, line 520]
Event: 0.164 Thread 0x000002ad1c2337d0 Exception <a 'sun/nio/fs/WindowsException'{0x0000000712152108}> (0x0000000712152108) 
thrown [s\src\hotspot\share\prims\jni.cpp, line 520]
Event: 0.164 Thread 0x000002ad1c2337d0 Exception <a 'sun/nio/fs/WindowsException'{0x0000000712152438}> (0x0000000712152438) 
thrown [s\src\hotspot\share\prims\jni.cpp, line 520]
Event: 0.171 Thread 0x000002ad1c2337d0 Exception <a 'java/lang/NoSuchMethodError'{0x000000071219f168}: 'int java.lang.invoke.DirectMethodHandle$Holder.invokeStaticInit(java.lang.Object, java.lang.Object, int, long)'> (0x000000071219f168) 
thrown [s\src\hotspot\share\interpreter\linkResolver.cpp, line 774]
Event: 0.171 Thread 0x000002ad1c2337d0 Exception <a 'java/lang/NoSuchMethodError'{0x00000007121a4270}: 'java.lang.Object java.lang.invoke.DirectMethodHandle$Holder.newInvokeSpecial(java.lang.Object, java.lang.Object, int)'> (0x00000007121a4270) 
thrown [s\src\hotspot\share\interpreter\linkResolver.cpp, line 774]
Event: 0.172 Thread 0x000002ad1c2337d0 Exception <a 'java/lang/NoSuchMethodError'{0x00000007121b2ae0}: 'int java.lang.invoke.DirectMethodHandle$Holder.invokeStaticInit(java.lang.Object, java.lang.Object, long, long)'> (0x00000007121b2ae0) 
thrown [s\src\hotspot\share\interpreter\linkResolver.cpp, line 774]
Event: 0.172 Thread 0x000002ad1c2337d0 Exception <a 'java/lang/NoSuchMethodError'{0x00000007121b85a0}: 'java.lang.Object java.lang.invoke.DirectMethodHandle$Holder.newInvokeSpecial(java.lang.Object, java.lang.Object, long)'> (0x00000007121b85a0) 
thrown [s\src\hotspot\share\interpreter\linkResolver.cpp, line 774]
Event: 0.173 Thread 0x000002ad1c2337d0 Exception <a 'java/lang/NoSuchMethodError'{0x00000007121bc6f8}: 'java.lang.Object java.lang.invoke.Invokers$Holder.linkToTargetMethod(java.lang.Object, long, java.lang.Object)'> (0x00000007121bc6f8) 
thrown [s\src\hotspot\share\interpreter\linkResolver.cpp, line 774]
Event: 0.173 Thread 0x000002ad1c2337d0 Exception <a 'java/lang/NoSuchMethodError'{0x00000007121c3920}: 'int java.lang.invoke.DirectMethodHandle$Holder.invokeStaticInit(java.lang.Object, java.lang.Object, java.lang.Object, long)'> (0x00000007121c3920) 
thrown [s\src\hotspot\share\interpreter\linkResolver.cpp, line 774]
Event: 0.380 Thread 0x000002ad1c2337d0 Exception <a 'java/lang/NoSuchMethodError'{0x0000000711e86fa8}: 'void java.lang.System.load(java.lang.String, java.lang.Class)'> (0x0000000711e86fa8) 
thrown [s\src\hotspot\share\interpreter\linkResolver.cpp, line 774]
Event: 0.380 Thread 0x000002ad1c2337d0 Exception <a 'java/lang/NoSuchMethodError'{0x0000000711e899f8}: 'void java.lang.System.loadLibrary(java.lang.String, java.lang.Class)'> (0x0000000711e899f8) 
thrown [s\src\hotspot\share\interpreter\linkResolver.cpp, line 774]
Event: 0.381 Thread 0x000002ad1c2337d0 Exception <a 'sun/nio/fs/WindowsException'{0x0000000711e8e7e8}> (0x0000000711e8e7e8) 
thrown [s\src\hotspot\share\prims\jni.cpp, line 520]
Event: 0.381 Thread 0x000002ad1c2337d0 Exception <a 'sun/nio/fs/WindowsException'{0x0000000711e8eb48}> (0x0000000711e8eb48) 
thrown [s\src\hotspot\share\prims\jni.cpp, line 520]
Event: 0.381 Thread 0x000002ad1c2337d0 Exception <a 'sun/nio/fs/WindowsException'{0x0000000711e8f590}> (0x0000000711e8f590) 
thrown [s\src\hotspot\share\prims\jni.cpp, line 520]
Event: 0.381 Thread 0x000002ad1c2337d0 Exception <a 'sun/nio/fs/WindowsException'{0x0000000711e8f850}> (0x0000000711e8f850) 
thrown [s\src\hotspot\share\prims\jni.cpp, line 520]
Event: 0.384 Thread 0x000002ad1c2337d0 Exception <a 'sun/nio/fs/WindowsException'{0x0000000711e94a98}> (0x0000000711e94a98) 
thrown [s\src\hotspot\share\prims\jni.cpp, line 520]
Event: 0.384 Thread 0x000002ad1c2337d0 Exception <a 'sun/nio/fs/WindowsException'{0x0000000711e94d38}> (0x0000000711e94d38) 
thrown [s\src\hotspot\share\prims\jni.cpp, line 520]

ZGC Phase Switch (0 events):
No events

VM Operations (2 events):
Event: 0.078 Executing VM operation: HandshakeAllThreads (Deoptimize)
Event: 0.078 Executing VM operation: HandshakeAllThreads (Deoptimize) done

Memory protections (0 events):
No events

Nmethod flushes (0 events):
No events

Events (15 events):
Event: 0.006 Thread 0x000002ad1c2337d0 Thread added: 0x000002ad1c2337d0
Event: 0.036 Thread 0x000002ad1c2337d0 Thread added: 0x000002ad3986e160
Event: 0.036 Thread 0x000002ad1c2337d0 Thread added: 0x000002ad3986fbd0
Event: 0.037 Thread 0x000002ad1c2337d0 Thread added: 0x000002ad39874480
Event: 0.037 Thread 0x000002ad1c2337d0 Thread added: 0x000002ad39874af0
Event: 0.037 Thread 0x000002ad1c2337d0 Thread added: 0x000002ad3989afd0
Event: 0.037 Thread 0x000002ad1c2337d0 Thread added: 0x000002ad3989b730
Event: 0.037 Thread 0x000002ad1c2337d0 Thread added: 0x000002ad3989d4f0
Event: 0.037 Thread 0x000002ad1c2337d0 Thread added: 0x000002ad398b37b0
Event: 0.054 Thread 0x000002ad398b37b0 Thread added: 0x000002ad399d6890
Event: 0.058 Thread 0x000002ad1c2337d0 Thread added: 0x000002ad39a6f490
Event: 0.061 Thread 0x000002ad1c2337d0 Thread added: 0x000002ad39a68a20
Event: 0.073 Thread 0x000002ad398b37b0 Thread added: 0x000002ad39a97ac0
Event: 0.162 Thread 0x000002ad39a97ac0 Thread added: 0x000002ad3e1be000
Event: 0.375 Thread 0x000002ad3e1be000 Thread exited: 0x000002ad3e1be000


Dynamic libraries:
0x00007ff6811e0000 - 0x00007ff6811ee000 	C:\Users\hunte\.p2\pool\plugins\org.eclipse.justj.openjdk.hotspot.jre.full.win32.x86_64_22.0.2.v20240802-1626\jre\bin\javaw.exe
0x00007ffa093d0000 - 0x00007ffa095c8000 	C:\Windows\SYSTEM32\ntdll.dll
0x00007ffa08fe0000 - 0x00007ffa090a1000 	C:\Windows\System32\KERNEL32.DLL
0x00007ffa06bd0000 - 0x00007ffa06ecd000 	C:\Windows\System32\KERNELBASE.dll
0x00007ffa071e0000 - 0x00007ffa072e0000 	C:\Windows\System32\ucrtbase.dll
0x00007ff9e7210000 - 0x00007ff9e7227000 	C:\Users\hunte\.p2\pool\plugins\org.eclipse.justj.openjdk.hotspot.jre.full.win32.x86_64_22.0.2.v20240802-1626\jre\bin\jli.dll
0x00007ff9e6360000 - 0x00007ff9e637b000 	C:\Users\hunte\.p2\pool\plugins\org.eclipse.justj.openjdk.hotspot.jre.full.win32.x86_64_22.0.2.v20240802-1626\jre\bin\VCRUNTIME140.dll
0x00007ffa08230000 - 0x00007ffa083cd000 	C:\Windows\System32\USER32.dll
0x00007ffa06f00000 - 0x00007ffa06f22000 	C:\Windows\System32\win32u.dll
0x00007ff9f2030000 - 0x00007ff9f22ca000 	C:\Windows\WinSxS\amd64_microsoft.windows.common-controls_6595b64144ccf1df_6.0.19041.4355_none_60b8b9eb71f62e16\COMCTL32.dll
0x00007ffa083d0000 - 0x00007ffa083fb000 	C:\Windows\System32\GDI32.dll
0x00007ffa08190000 - 0x00007ffa0822e000 	C:\Windows\System32\msvcrt.dll
0x00007ffa072e0000 - 0x00007ffa073f7000 	C:\Windows\System32\gdi32full.dll
0x00007ffa06b30000 - 0x00007ffa06bcd000 	C:\Windows\System32\msvcp_win.dll
0x00007ffa07ea0000 - 0x00007ffa07ecf000 	C:\Windows\System32\IMM32.DLL
0x00007ff9e7710000 - 0x00007ff9e771c000 	C:\Users\hunte\.p2\pool\plugins\org.eclipse.justj.openjdk.hotspot.jre.full.win32.x86_64_22.0.2.v20240802-1626\jre\bin\vcruntime140_1.dll
0x00007ff9ba2b0000 - 0x00007ff9ba33e000 	C:\Users\hunte\.p2\pool\plugins\org.eclipse.justj.openjdk.hotspot.jre.full.win32.x86_64_22.0.2.v20240802-1626\jre\bin\msvcp140.dll
0x00007ff9abb30000 - 0x00007ff9ac8f3000 	C:\Users\hunte\.p2\pool\plugins\org.eclipse.justj.openjdk.hotspot.jre.full.win32.x86_64_22.0.2.v20240802-1626\jre\bin\server\jvm.dll
0x00007ffa09200000 - 0x00007ffa092b0000 	C:\Windows\System32\ADVAPI32.dll
0x00007ffa090b0000 - 0x00007ffa09150000 	C:\Windows\System32\sechost.dll
0x00007ffa07ed0000 - 0x00007ffa07ff3000 	C:\Windows\System32\RPCRT4.dll
0x00007ffa06ed0000 - 0x00007ffa06ef7000 	C:\Windows\System32\bcrypt.dll
0x00007ffa08400000 - 0x00007ffa0846b000 	C:\Windows\System32\WS2_32.dll
0x00007ff9fc290000 - 0x00007ff9fc2b7000 	C:\Windows\SYSTEM32\WINMM.dll
0x00007ffa06020000 - 0x00007ffa0606b000 	C:\Windows\SYSTEM32\POWRPROF.dll
0x00007ffa006b0000 - 0x00007ffa006ba000 	C:\Windows\SYSTEM32\VERSION.dll
0x00007ffa05e80000 - 0x00007ffa05e92000 	C:\Windows\SYSTEM32\UMPDC.dll
0x00007ffa04920000 - 0x00007ffa04932000 	C:\Windows\SYSTEM32\kernel.appcore.dll
0x00007ffa04120000 - 0x00007ffa0412a000 	C:\Users\hunte\.p2\pool\plugins\org.eclipse.justj.openjdk.hotspot.jre.full.win32.x86_64_22.0.2.v20240802-1626\jre\bin\jimage.dll
0x00007ff9fe050000 - 0x00007ff9fe234000 	C:\Windows\SYSTEM32\DBGHELP.DLL
0x00007ff9f5940000 - 0x00007ff9f5974000 	C:\Windows\SYSTEM32\dbgcore.DLL
0x00007ffa07150000 - 0x00007ffa071d2000 	C:\Windows\System32\bcryptPrimitives.dll
0x00007ff9ffdc0000 - 0x00007ff9ffdde000 	C:\Users\hunte\.p2\pool\plugins\org.eclipse.justj.openjdk.hotspot.jre.full.win32.x86_64_22.0.2.v20240802-1626\jre\bin\java.dll
0x00007ffa074c0000 - 0x00007ffa07c2f000 	C:\Windows\System32\SHELL32.dll
0x00007ffa08060000 - 0x00007ffa0818b000 	C:\Windows\System32\ole32.dll
0x00007ffa089b0000 - 0x00007ffa08d03000 	C:\Windows\System32\combase.dll
0x00007ff9eb1b0000 - 0x00007ff9eb1c7000 	C:\Users\hunte\.p2\pool\plugins\org.eclipse.justj.openjdk.hotspot.jre.full.win32.x86_64_22.0.2.v20240802-1626\jre\bin\zip.dll
0x00007ffa04b20000 - 0x00007ffa052c3000 	C:\Windows\SYSTEM32\windows.storage.dll
0x00007ffa064b0000 - 0x00007ffa064de000 	C:\Windows\SYSTEM32\Wldp.dll
0x00007ffa088e0000 - 0x00007ffa089ad000 	C:\Windows\System32\OLEAUT32.dll
0x00007ffa07c90000 - 0x00007ffa07d3d000 	C:\Windows\System32\SHCORE.dll
0x00007ffa07c30000 - 0x00007ffa07c85000 	C:\Windows\System32\shlwapi.dll
0x00007ffa069b0000 - 0x00007ffa069d4000 	C:\Windows\SYSTEM32\profapi.dll
0x00007ff9eaf50000 - 0x00007ff9eaf60000 	C:\Users\hunte\.p2\pool\plugins\org.eclipse.justj.openjdk.hotspot.jre.full.win32.x86_64_22.0.2.v20240802-1626\jre\bin\net.dll
0x00007ffa06210000 - 0x00007ffa0627a000 	C:\Windows\system32\mswsock.dll
0x00007ff9e6db0000 - 0x00007ff9e6dc6000 	C:\Users\hunte\.p2\pool\plugins\org.eclipse.justj.openjdk.hotspot.jre.full.win32.x86_64_22.0.2.v20240802-1626\jre\bin\nio.dll
0x00007ff9b4430000 - 0x00007ff9b44ab000 	C:\Users\hunte\eclipse-workspace\Ptolemy\natives\lwjgl.dll
0x00007ff9b2eb0000 - 0x00007ff9b2f35000 	C:\Users\hunte\eclipse-workspace\Ptolemy\natives\glfw.dll
0x00007ff9b5150000 - 0x00007ff9b5195000 	C:\Windows\SYSTEM32\dinput8.dll
0x00007ff9ba440000 - 0x00007ff9ba451000 	C:\Windows\SYSTEM32\xinput1_4.dll
0x00007ffa06f30000 - 0x00007ffa06f7e000 	C:\Windows\System32\cfgmgr32.dll
0x00007ffa06830000 - 0x00007ffa06863000 	C:\Windows\SYSTEM32\DEVOBJ.dll
0x00007ffa04620000 - 0x00007ffa0464f000 	C:\Windows\SYSTEM32\dwmapi.dll
0x00007ff9f2da0000 - 0x00007ff9f2ef2000 	C:\Windows\SYSTEM32\inputhost.dll
0x00007ffa03400000 - 0x00007ffa03557000 	C:\Windows\SYSTEM32\wintypes.dll
0x00007ffa02cd0000 - 0x00007ffa02dc2000 	C:\Windows\SYSTEM32\CoreMessaging.dll
0x00007ffa03de0000 - 0x00007ffa03ed6000 	C:\Windows\SYSTEM32\PROPSYS.dll
0x00007ffa02910000 - 0x00007ffa02c6b000 	C:\Windows\SYSTEM32\CoreUIComponents.dll
0x00007ffa05d10000 - 0x00007ffa05d43000 	C:\Windows\SYSTEM32\ntmarta.dll
0x00007ffa04390000 - 0x00007ffa0442e000 	C:\Windows\system32\uxtheme.dll
0x00007ffa08ec0000 - 0x00007ffa08fd5000 	C:\Windows\System32\MSCTF.dll
0x00007ff996680000 - 0x00007ff9967a8000 	C:\Windows\SYSTEM32\opengl32.dll
0x00007ff996650000 - 0x00007ff99667c000 	C:\Windows\SYSTEM32\GLU32.dll
0x00007ffa09150000 - 0x00007ffa091f9000 	C:\Windows\System32\clbcatq.dll
0x00007ff993a60000 - 0x00007ff996650000 	C:\Windows\System32\DriverStore\FileRepository\nv_dispi.inf_amd64_866484083fc526af\nvoglv64.dll
0x00007ffa08470000 - 0x00007ffa088de000 	C:\Windows\System32\SETUPAPI.dll
0x00007ffa01150000 - 0x00007ffa01164000 	C:\Windows\SYSTEM32\WTSAPI32.dll
0x00007ffa06640000 - 0x00007ffa06652000 	C:\Windows\SYSTEM32\msasn1.dll
0x00007ffa00670000 - 0x00007ffa006a1000 	C:\Windows\SYSTEM32\cryptnet.dll
0x00007ffa06f80000 - 0x00007ffa070dc000 	C:\Windows\System32\CRYPT32.dll
0x00007ffa00520000 - 0x00007ffa00667000 	C:\Windows\SYSTEM32\drvstore.dll
0x00007ffa06420000 - 0x00007ffa0642c000 	C:\Windows\SYSTEM32\cryptbase.dll
0x00007ffa070e0000 - 0x00007ffa07149000 	C:\Windows\System32\wintrust.dll
0x00007ffa07410000 - 0x00007ffa0742d000 	C:\Windows\System32\imagehlp.dll
0x00007ffa06400000 - 0x00007ffa06418000 	C:\Windows\SYSTEM32\CRYPTSP.dll
0x00007ffa05ac0000 - 0x00007ffa05af4000 	C:\Windows\system32\rsaenh.dll
0x00007ffa052e0000 - 0x00007ffa05303000 	C:\Windows\SYSTEM32\gpapi.dll
0x00007ff9f5f30000 - 0x00007ff9f811e000 	C:\Windows\System32\DriverStore\FileRepository\nv_dispi.inf_amd64_866484083fc526af\nvgpucomp64.dll
0x00007ff9fd100000 - 0x00007ff9fd13b000 	C:\Windows\SYSTEM32\dxcore.dll
0x00007ff998eb0000 - 0x00007ff999180000 	C:\Windows\system32\nvspcap64.dll
0x00007ffa05740000 - 0x00007ffa0579b000 	C:\Windows\SYSTEM32\WINSTA.dll
0x00007ff9f3010000 - 0x00007ff9f3109000 	C:\Windows\SYSTEM32\textinputframework.dll
0x00007ff9b2e40000 - 0x00007ff9b2ea1000 	C:\Users\hunte\OneDrive\Documents\GitHub\Ptolemy\front end\Ptolemy\natives\windows\x64\org\lwjgl\opengl\lwjgl_opengl.dll

dbghelp: loaded successfully - version: 4.0.5 - missing functions: none
symbol engine: initialized successfully - sym options: 0x614 - pdb path: .;C:\Users\hunte\.p2\pool\plugins\org.eclipse.justj.openjdk.hotspot.jre.full.win32.x86_64_22.0.2.v20240802-1626\jre\bin;C:\Windows\SYSTEM32;C:\Windows\WinSxS\amd64_microsoft.windows.common-controls_6595b64144ccf1df_6.0.19041.4355_none_60b8b9eb71f62e16;C:\Users\hunte\.p2\pool\plugins\org.eclipse.justj.openjdk.hotspot.jre.full.win32.x86_64_22.0.2.v20240802-1626\jre\bin\server;C:\Users\hunte\eclipse-workspace\Ptolemy\natives;C:\Windows\System32\DriverStore\FileRepository\nv_dispi.inf_amd64_866484083fc526af;C:\Users\hunte\OneDrive\Documents\GitHub\Ptolemy\front end\Ptolemy\natives\windows\x64\org\lwjgl\opengl

VM Arguments:
jvm_args: -Dorg.lwjgl.librarypath=C:\Users\\hunte\eclipse-workspace\Ptolemy\natives -Dorg.lwjgl.util.Debug=true -Dorg.lwjgl.util.DebugLoader=true -Djava.library.path=C:\Users\hunte\OneDrive\Documents\GitHub\Ptolemy\front end\Ptolemy\natives;C:\Users\hunte\OneDrive\Documents\GitHub\Ptolemy\front end\Ptolemy\natives;C:\Users\hunte\OneDrive\Documents\GitHub\Ptolemy\front end\Ptolemy\natives;C:\Users\hunte\OneDrive\Documents\GitHub\Ptolemy\front end\Ptolemy\natives;C:\Users\hunte\OneDrive\Documents\GitHub\Ptolemy\front end\Ptolemy\natives;C:\Users\hunte\OneDrive\Documents\GitHub\Ptolemy\front end\Ptolemy\natives;C:\Users\hunte\OneDrive\Documents\GitHub\Ptolemy\front end\Ptolemy\natives;C:\Users\hunte\OneDrive\Documents\GitHub\Ptolemy\front end\Ptolemy\natives;C:\Users\hunte\OneDrive\Documents\GitHub\Ptolemy\front end\Ptolemy\natives -Dfile.encoding=UTF-8 -Dstdout.encoding=UTF-8 -Dstderr.encoding=UTF-8 -XX:+ShowCodeDetailsInExceptionMessages 
java_command: Main
java_class_path (initial): C:\Users\hunte\OneDrive\Documents\GitHub\Ptolemy\front end\Ptolemy\bin;C:\Users\hunte\OneDrive\Documents\GitHub\Ptolemy\front end\Ptolemy\used-jars\lwjgl.jar;C:\Users\hunte\OneDrive\Documents\GitHub\Ptolemy\front end\Ptolemy\used-jars\lwjgl-assimp.jar;C:\Users\hunte\OneDrive\Documents\GitHub\Ptolemy\front end\Ptolemy\used-jars\lwjgl-glfw.jar;C:\Users\hunte\OneDrive\Documents\GitHub\Ptolemy\front end\Ptolemy\used-jars\lwjgl-nanovg.jar;C:\Users\hunte\OneDrive\Documents\GitHub\Ptolemy\front end\Ptolemy\used-jars\lwjgl-openal.jar;C:\Users\hunte\OneDrive\Documents\GitHub\Ptolemy\front end\Ptolemy\used-jars\lwjgl-opengl.jar;C:\Users\hunte\OneDrive\Documents\GitHub\Ptolemy\front end\Ptolemy\used-jars\lwjgl-stb.jar;C:\Users\hunte\OneDrive\Documents\GitHub\Ptolemy\front end\Ptolemy\used-jars\lwjgl-vulkan.jar
Launcher Type: SUN_STANDARD

[Global flags]
     intx CICompilerCount                          = 12                                        {product} {ergonomic}
     uint ConcGCThreads                            = 3                                         {product} {ergonomic}
     uint G1ConcRefinementThreads                  = 13                                        {product} {ergonomic}
   size_t G1HeapRegionSize                         = 2097152                                   {product} {ergonomic}
   size_t InitialHeapSize                          = 266338304                                 {product} {ergonomic}
   size_t MarkStackSize                            = 4194304                                   {product} {ergonomic}
   size_t MaxHeapSize                              = 4253024256                                {product} {ergonomic}
   size_t MaxNewSize                               = 2550136832                                {product} {ergonomic}
   size_t MinHeapDeltaBytes                        = 2097152                                   {product} {ergonomic}
   size_t MinHeapSize                              = 8388608                                   {product} {ergonomic}
    uintx NonNMethodCodeHeapSize                   = 7602480                                {pd product} {ergonomic}
    uintx NonProfiledCodeHeapSize                  = 122027880                              {pd product} {ergonomic}
    uintx ProfiledCodeHeapSize                     = 122027880                              {pd product} {ergonomic}
    uintx ReservedCodeCacheSize                    = 251658240                              {pd product} {ergonomic}
     bool SegmentedCodeCache                       = true                                      {product} {ergonomic}
     bool ShowCodeDetailsInExceptionMessages       = true                                   {manageable} {command line}
   size_t SoftMaxHeapSize                          = 4253024256                             {manageable} {ergonomic}
     bool UseCompressedOops                        = true                           {product lp64_product} {ergonomic}
     bool UseG1GC                                  = true                                      {product} {ergonomic}
     bool UseLargePagesIndividualAllocation        = false                                  {pd product} {ergonomic}

Logging:
Log output configuration:
 #0: stdout all=warning uptime,level,tags foldmultilines=false
 #1: stderr all=off uptime,level,tags foldmultilines=false

Environment Variables:
PATH=C:/Users/hunte/.p2/pool/plugins/org.eclipse.justj.openjdk.hotspot.jre.full.win32.x86_64_22.0.2.v20240802-1626/jre/bin/server;C:/Users/hunte/.p2/pool/plugins/org.eclipse.justj.openjdk.hotspot.jre.full.win32.x86_64_22.0.2.v20240802-1626/jre/bin;C:\Python311\Scripts\;C:\Python311\;C:\Program Files (x86)\Common Files\Oracle\Java\javapath;C:\Program Files (x86)\Razer Chroma SDK\bin;C:\Program Files\Razer Chroma SDK\bin;C:\Program Files (x86)\Razer\ChromaBroadcast\bin;C:\Program Files\Razer\ChromaBroadcast\bin;C:\Windows\system32;C:\Windows;C:\Windows\System32\Wbem;C:\Windows\System32\WindowsPowerShell\v1.0\;C:\Windows\System32\OpenSSH\;C:\Program Files\NVIDIA Corporation\NVIDIA NvDLISR;C:\Program Files\dotnet\;C:\Windows\system32\config\systemprofile\AppData\Local\Microsoft\WindowsApps;C:\Users\hunte\AppData\Local\Microsoft\WindowsApps;C:\Users\hunte\.dotnet\tools;C:\Users\hunte\AppData\Local\Programs\Microsoft VS Code\bin;C:\Program Files\Git\cmd;C:\Program Files\CMake\bin;C:\Program Files\nodejs\;C:\ProgramData\chocolatey\bin;C:\Program Files (x86)\NVIDIA Corporation\PhysX\Common;C:\Program Files\7-Zip\7z.exe;C:\Users\hunte\AppData\Local\Programs\Python\Python310\Scripts\;C:\Users\hunte\AppData\Local\Programs\Python\Python310\;C:\Users\hunte\AppData\Local\Microsoft\WindowsApps;C:\Users\hunte\.dotnet\tools;C:\Users\hunte\AppData\Local\Programs\Microsoft VS Code\bin;C:\Users\hunte\AppData\Local\GitHubDesktop\bin;C:\Program Files\CMake\bin;C:\Users\hunte\AppData\Roaming\npm;C:\Program Files\7-Zip\7z.exe;;C:\Windows\system32;
USERNAME=hunte
OS=Windows_NT
PROCESSOR_IDENTIFIER=Intel64 Family 6 Model 167 Stepping 1, GenuineIntel
TMP=C:\Users\hunte\AppData\Local\Temp
TEMP=C:\Users\hunte\AppData\Local\Temp




Periodic native trim disabled

---------------  S Y S T E M  ---------------

OS:
 Windows 10 , 64 bit Build 19041 (10.0.19041.4842)
OS uptime: 12 days 2:11 hours

CPU: total 16 (initial active 16) (8 cores per cpu, 2 threads per core) family 6 model 167 stepping 1 microcode 0x40, cx8, cmov, fxsr, ht, mmx, 3dnowpref, sse, sse2, sse3, ssse3, sse4.1, sse4.2, popcnt, lzcnt, tsc, tscinvbit, avx, avx2, aes, erms, clmul, bmi1, bmi2, adx, avx512f, avx512dq, avx512cd, avx512bw, avx512vl, sha, fma, vzeroupper, avx512_vpopcntdq, avx512_vpclmulqdq, avx512_vaes, avx512_vnni, clflush, clflushopt, avx512_vbmi2, avx512_vbmi, rdtscp, rdpid, fsrm, gfni, avx512_bitalg, f16c, pku, avx512_ifma
Processor Information for all 16 processors :
  Max Mhz: 2496, Current Mhz: 2496, Mhz Limit: 2496

Memory: 4k page, system-wide physical 16217M (7376M free)
TotalPageFile size 37721M (AvailPageFile size 14952M)
current process WorkingSet (physical memory assigned to process): 87M, peak: 87M
current process commit charge ("private bytes"): 422M, peak: 422M

vm_info: OpenJDK 64-Bit Server VM (22.0.2+9) for windows-amd64 JRE (22.0.2+9), built on 2024-07-16T00:00:00Z by "admin" with MS VC++ 17.7 (VS2022)

END.
